Using pre-set license
Built from '2020.3/staging' branch; Version is '2020.3.32f1 (12f8b0834f07) revision 1243312'; Using compiler version '192528614'; Build Type 'Release'
OS: 'Windows 11  (10.0.22000) 64bit Core' Language: 'en' Physical Memory: 16218 MB
BatchMode: 1, IsHumanControllingUs: 0, StartBugReporterOnCrash: 0, Is64bit: 1, IsPro: 0

COMMAND LINE ARGUMENTS:
C:\Program Files\Unity\Hub\Editor\2020.3.32f1\Editor\Unity.exe
-adb2
-batchMode
-noUpm
-name
AssetImportWorker0
-projectPath
C:/Users/ashle/Desktop/FIT3040/assessments/git/sol/UNITY/SOL_SCD
-logFile
Logs/AssetImportWorker0.log
-srvPort
53890
Successfully changed project path to: C:/Users/ashle/Desktop/FIT3040/assessments/git/sol/UNITY/SOL_SCD
C:/Users/ashle/Desktop/FIT3040/assessments/git/sol/UNITY/SOL_SCD
Using Asset Import Pipeline V2.
Refreshing native plugins compatible for Editor in 40.39 ms, found 5 plugins.
Preloading 0 native plugins for Editor in 0.00 ms.
Initialize engine version: 2020.3.32f1 (12f8b0834f07)
[Subsystems] Discovering subsystems at path C:/Program Files/Unity/Hub/Editor/2020.3.32f1/Editor/Data/Resources/UnitySubsystems
[Subsystems] Discovering subsystems at path C:/Users/ashle/Desktop/FIT3040/assessments/git/sol/UNITY/SOL_SCD/Assets
GfxDevice: creating device client; threaded=0
Direct3D:
    Version:  Direct3D 11.0 [level 11.1]
    Renderer: NVIDIA GeForce RTX 3050 Ti Laptop GPU (ID=0x25a0)
    Vendor:   
    VRAM:     3993 MB
    Driver:   27.21.14.6259
Initialize mono
Mono path[0] = 'C:/Program Files/Unity/Hub/Editor/2020.3.32f1/Editor/Data/Managed'
Mono path[1] = 'C:/Program Files/Unity/Hub/Editor/2020.3.32f1/Editor/Data/MonoBleedingEdge/lib/mono/unityjit'
Mono config path = 'C:/Program Files/Unity/Hub/Editor/2020.3.32f1/Editor/Data/MonoBleedingEdge/etc'
Using monoOptions --debugger-agent=transport=dt_socket,embedding=1,server=y,suspend=n,address=127.0.0.1:56864
Begin MonoManager ReloadAssembly
Registering precompiled unity dll's ...
Register platform support module: C:/Program Files/Unity/Hub/Editor/2020.3.32f1/Editor/Data/PlaybackEngines/WebGLSupport/UnityEditor.WebGL.Extensions.dll
Register platform support module: C:/Program Files/Unity/Hub/Editor/2020.3.32f1/Editor/Data/PlaybackEngines/WindowsStandaloneSupport/UnityEditor.WindowsStandalone.Extensions.dll
Registered in 0.001061 seconds.
Native extension for WindowsStandalone target not found
Native extension for WebGL target not found
Refreshing native plugins compatible for Editor in 32.66 ms, found 5 plugins.
Preloading 0 native plugins for Editor in 0.00 ms.
Mono: successfully reloaded assembly
- Completed reload, in  0.453 seconds
Domain Reload Profiling:
	ReloadAssembly (453ms)
		BeginReloadAssembly (47ms)
			ExecutionOrderSort (0ms)
			DisableScriptedObjects (0ms)
			BackupInstance (0ms)
			ReleaseScriptingObjects (0ms)
			CreateAndSetChildDomain (1ms)
		EndReloadAssembly (356ms)
			LoadAssemblies (46ms)
			RebuildTransferFunctionScriptingTraits (0ms)
			SetupTypeCache (115ms)
			ReleaseScriptCaches (0ms)
			RebuildScriptCaches (23ms)
			SetupLoadedEditorAssemblies (124ms)
				LogAssemblyErrors (0ms)
				InitializePlatformSupportModulesInManaged (4ms)
				SetLoadedEditorAssemblies (0ms)
				RefreshPlugins (33ms)
				BeforeProcessingInitializeOnLoad (7ms)
				ProcessInitializeOnLoadAttributes (61ms)
				ProcessInitializeOnLoadMethodAttributes (21ms)
				AfterProcessingInitializeOnLoad (0ms)
				EditorAssembliesLoaded (0ms)
			ExecutionOrderSort2 (0ms)
			AwakeInstancesAfterBackupRestoration (0ms)
Platform modules already initialized, skipping
Registering precompiled user dll's ...
Registered in 0.001976 seconds.
Begin MonoManager ReloadAssembly
Native extension for WindowsStandalone target not found
Native extension for WebGL target not found
Refreshing native plugins compatible for Editor in 0.41 ms, found 5 plugins.
Preloading 0 native plugins for Editor in 0.00 ms.
Mono: successfully reloaded assembly
- Completed reload, in  0.709 seconds
Domain Reload Profiling:
	ReloadAssembly (709ms)
		BeginReloadAssembly (114ms)
			ExecutionOrderSort (0ms)
			DisableScriptedObjects (4ms)
			BackupInstance (0ms)
			ReleaseScriptingObjects (0ms)
			CreateAndSetChildDomain (15ms)
		EndReloadAssembly (552ms)
			LoadAssemblies (71ms)
			RebuildTransferFunctionScriptingTraits (0ms)
			SetupTypeCache (188ms)
			ReleaseScriptCaches (0ms)
			RebuildScriptCaches (32ms)
			SetupLoadedEditorAssemblies (206ms)
				LogAssemblyErrors (0ms)
				InitializePlatformSupportModulesInManaged (4ms)
				SetLoadedEditorAssemblies (0ms)
				RefreshPlugins (0ms)
				BeforeProcessingInitializeOnLoad (44ms)
				ProcessInitializeOnLoadAttributes (149ms)
				ProcessInitializeOnLoadMethodAttributes (6ms)
				AfterProcessingInitializeOnLoad (3ms)
				EditorAssembliesLoaded (0ms)
			ExecutionOrderSort2 (0ms)
			AwakeInstancesAfterBackupRestoration (4ms)
Platform modules already initialized, skipping
========================================================================
Worker process is ready to serve import requests
Launched and connected shader compiler UnityShaderCompiler.exe after 0.04 seconds
Refreshing native plugins compatible for Editor in 0.43 ms, found 5 plugins.
Preloading 0 native plugins for Editor in 0.00 ms.
Unloading 1775 Unused Serialized files (Serialized files now loaded: 0)
System memory in use before: 97.2 MB.
System memory in use after: 97.3 MB.

Unloading 23 unused Assets to reduce memory usage. Loaded Objects now: 2229.
Total: 2.172500 ms (FindLiveObjects: 0.097300 ms CreateObjectMapping: 0.029700 ms MarkObjects: 1.959600 ms  DeleteObjects: 0.085200 ms)

AssetImportParameters requested are different than current active one (requested -> active):
  custom:framework-win-MediaFoundation: 216162199b28c13a410421893ffa2e32 -> 
  custom:video-decoder-ogg-theora: a1e56fd34408186e4bbccfd4996cb3dc -> 
  custom:container-muxer-webm: aa71ff27fc2769a1b78a27578f13a17b -> 
  custom:container-demuxer-webm: 4f35f7cbe854078d1ac9338744f61a02 -> 
  custom:container-demuxer-ogg: 62fdf1f143b41e24485cea50d1cbac27 -> 
  custom:video-encoder-webm-vp8: eb34c28f22e8b96e1ab97ce403110664 -> 
  custom:video-codec-MediaFoundation-h265: 746d11721c4dcdbdad8f713fa42b33f4 -> 
  custom:video-decoder-webm-vp8: 9c59270c3fd7afecdb556c50c9e8de78 -> 
  custom:audio-decoder-ogg-vorbis: bf7c407c2cedff20999df2af8eb42d56 -> 
  custom:audio-encoder-webm-vorbis: bf7c407c2cedff20999df2af8eb42d56 -> 
========================================================================
Received Import Request.
  path: Assets/Meshes/animated_meshes/handswipe.fbx
  artifactKey: Guid(7f481487b91321942a146059b5337b7f) Importer(815301076,1909f56bfc062723c751e8b465ee728b)
Start importing Assets/Meshes/animated_meshes/handswipe.fbx using Guid(7f481487b91321942a146059b5337b7f) Importer(815301076,1909f56bfc062723c751e8b465ee728b)  -> (artifact id: 'aa94511164dd643d9de870e8f7e95298') in 0.037456 seconds 
========================================================================
Received Import Request.
  Time since last request: 0.000472 seconds.
  path: Assets/Meshes/animated_meshes/luxwalkthenstopright.fbx
  artifactKey: Guid(64630b5b114d9e748a000930ac19cb7c) Importer(815301076,1909f56bfc062723c751e8b465ee728b)
Start importing Assets/Meshes/animated_meshes/luxwalkthenstopright.fbx using Guid(64630b5b114d9e748a000930ac19cb7c) Importer(815301076,1909f56bfc062723c751e8b465ee728b)  -> (artifact id: '5040c1addace259024b66fe1af7e6c3f') in 0.422812 seconds 
========================================================================
Received Import Request.
  Time since last request: 0.000481 seconds.
  path: Assets/Meshes/animated_meshes/luxwalkthenstopleft.fbx
  artifactKey: Guid(ec13ceedb4f144a4989b16a637f6629a) Importer(815301076,1909f56bfc062723c751e8b465ee728b)
Start importing Assets/Meshes/animated_meshes/luxwalkthenstopleft.fbx using Guid(ec13ceedb4f144a4989b16a637f6629a) Importer(815301076,1909f56bfc062723c751e8b465ee728b)  -> (artifact id: 'd09cbb7cee971293c41d37014723ecf2') in 0.283022 seconds 
========================================================================
Received Import Request.
  Time since last request: 62.291567 seconds.
  path: Assets/Meshes/animated_meshes/handswipe.fbx
  artifactKey: Guid(7f481487b91321942a146059b5337b7f) Importer(815301076,1909f56bfc062723c751e8b465ee728b)
Start importing Assets/Meshes/animated_meshes/handswipe.fbx using Guid(7f481487b91321942a146059b5337b7f) Importer(815301076,1909f56bfc062723c751e8b465ee728b)  -> (artifact id: '9ba6ddb9d44c4111d4f2be7a8999ecd6') in 0.005686 seconds 
========================================================================
Received Import Request.
  Time since last request: 0.000547 seconds.
  path: Assets/Meshes/animated_meshes/luxwalkthenstopright.fbx
  artifactKey: Guid(64630b5b114d9e748a000930ac19cb7c) Importer(815301076,1909f56bfc062723c751e8b465ee728b)
Start importing Assets/Meshes/animated_meshes/luxwalkthenstopright.fbx using Guid(64630b5b114d9e748a000930ac19cb7c) Importer(815301076,1909f56bfc062723c751e8b465ee728b)  -> (artifact id: '8e26ad28a72cb0647db017f8009a6bf6') in 0.400654 seconds 
========================================================================
Received Import Request.
  Time since last request: 0.000427 seconds.
  path: Assets/Meshes/animated_meshes/luxwalkthenstopleft.fbx
  artifactKey: Guid(ec13ceedb4f144a4989b16a637f6629a) Importer(815301076,1909f56bfc062723c751e8b465ee728b)
Start importing Assets/Meshes/animated_meshes/luxwalkthenstopleft.fbx using Guid(ec13ceedb4f144a4989b16a637f6629a) Importer(815301076,1909f56bfc062723c751e8b465ee728b)  -> (artifact id: 'ba7c10e9f974a1aaf28739d5b77ec247') in 0.317288 seconds 
AssetImportWorkerClient::OnTransportError - code=2 error=End of file
