Using pre-set license
Built from '2020.3/staging' branch; Version is '2020.3.32f1 (12f8b0834f07) revision 1243312'; Using compiler version '192528614'; Build Type 'Release'
OS: 'Windows 11  (10.0.22000) 64bit Core' Language: 'en' Physical Memory: 16218 MB
BatchMode: 1, IsHumanControllingUs: 0, StartBugReporterOnCrash: 0, Is64bit: 1, IsPro: 0

COMMAND LINE ARGUMENTS:
C:\Program Files\Unity\Hub\Editor\2020.3.32f1\Editor\Unity.exe
-adb2
-batchMode
-noUpm
-name
AssetImportWorker0
-projectPath
C:/Users/ashle/Desktop/FIT3040/assessments/git/sol/UNITY/SOL_SCD
-logFile
Logs/AssetImportWorker0.log
-srvPort
59757
Successfully changed project path to: C:/Users/ashle/Desktop/FIT3040/assessments/git/sol/UNITY/SOL_SCD
C:/Users/ashle/Desktop/FIT3040/assessments/git/sol/UNITY/SOL_SCD
Using Asset Import Pipeline V2.
Refreshing native plugins compatible for Editor in 36.89 ms, found 5 plugins.
Preloading 0 native plugins for Editor in 0.00 ms.
Initialize engine version: 2020.3.32f1 (12f8b0834f07)
[Subsystems] Discovering subsystems at path C:/Program Files/Unity/Hub/Editor/2020.3.32f1/Editor/Data/Resources/UnitySubsystems
[Subsystems] Discovering subsystems at path C:/Users/ashle/Desktop/FIT3040/assessments/git/sol/UNITY/SOL_SCD/Assets
GfxDevice: creating device client; threaded=0
Direct3D:
    Version:  Direct3D 11.0 [level 11.1]
    Renderer: NVIDIA GeForce RTX 3050 Ti Laptop GPU (ID=0x25a0)
    Vendor:   
    VRAM:     3993 MB
    Driver:   27.21.14.6259
Initialize mono
Mono path[0] = 'C:/Program Files/Unity/Hub/Editor/2020.3.32f1/Editor/Data/Managed'
Mono path[1] = 'C:/Program Files/Unity/Hub/Editor/2020.3.32f1/Editor/Data/MonoBleedingEdge/lib/mono/unityjit'
Mono config path = 'C:/Program Files/Unity/Hub/Editor/2020.3.32f1/Editor/Data/MonoBleedingEdge/etc'
Using monoOptions --debugger-agent=transport=dt_socket,embedding=1,server=y,suspend=n,address=127.0.0.1:56296
Begin MonoManager ReloadAssembly
Registering precompiled unity dll's ...
Register platform support module: C:/Program Files/Unity/Hub/Editor/2020.3.32f1/Editor/Data/PlaybackEngines/WebGLSupport/UnityEditor.WebGL.Extensions.dll
Register platform support module: C:/Program Files/Unity/Hub/Editor/2020.3.32f1/Editor/Data/PlaybackEngines/WindowsStandaloneSupport/UnityEditor.WindowsStandalone.Extensions.dll
Registered in 0.001001 seconds.
Native extension for WindowsStandalone target not found
Native extension for WebGL target not found
Refreshing native plugins compatible for Editor in 47.42 ms, found 5 plugins.
Preloading 0 native plugins for Editor in 0.00 ms.
Mono: successfully reloaded assembly
- Completed reload, in  0.483 seconds
Domain Reload Profiling:
	ReloadAssembly (483ms)
		BeginReloadAssembly (50ms)
			ExecutionOrderSort (0ms)
			DisableScriptedObjects (0ms)
			BackupInstance (0ms)
			ReleaseScriptingObjects (0ms)
			CreateAndSetChildDomain (1ms)
		EndReloadAssembly (371ms)
			LoadAssemblies (51ms)
			RebuildTransferFunctionScriptingTraits (0ms)
			SetupTypeCache (117ms)
			ReleaseScriptCaches (0ms)
			RebuildScriptCaches (28ms)
			SetupLoadedEditorAssemblies (145ms)
				LogAssemblyErrors (0ms)
				InitializePlatformSupportModulesInManaged (4ms)
				SetLoadedEditorAssemblies (0ms)
				RefreshPlugins (47ms)
				BeforeProcessingInitializeOnLoad (7ms)
				ProcessInitializeOnLoadAttributes (65ms)
				ProcessInitializeOnLoadMethodAttributes (21ms)
				AfterProcessingInitializeOnLoad (0ms)
				EditorAssembliesLoaded (0ms)
			ExecutionOrderSort2 (0ms)
			AwakeInstancesAfterBackupRestoration (0ms)
Platform modules already initialized, skipping
Registering precompiled user dll's ...
Registered in 0.002010 seconds.
Begin MonoManager ReloadAssembly
Native extension for WindowsStandalone target not found
Native extension for WebGL target not found
Refreshing native plugins compatible for Editor in 0.43 ms, found 5 plugins.
Preloading 0 native plugins for Editor in 0.00 ms.
Mono: successfully reloaded assembly
- Completed reload, in  0.786 seconds
Domain Reload Profiling:
	ReloadAssembly (786ms)
		BeginReloadAssembly (108ms)
			ExecutionOrderSort (0ms)
			DisableScriptedObjects (3ms)
			BackupInstance (0ms)
			ReleaseScriptingObjects (0ms)
			CreateAndSetChildDomain (16ms)
		EndReloadAssembly (632ms)
			LoadAssemblies (71ms)
			RebuildTransferFunctionScriptingTraits (0ms)
			SetupTypeCache (194ms)
			ReleaseScriptCaches (0ms)
			RebuildScriptCaches (32ms)
			SetupLoadedEditorAssemblies (262ms)
				LogAssemblyErrors (0ms)
				InitializePlatformSupportModulesInManaged (5ms)
				SetLoadedEditorAssemblies (0ms)
				RefreshPlugins (1ms)
				BeforeProcessingInitializeOnLoad (70ms)
				ProcessInitializeOnLoadAttributes (176ms)
				ProcessInitializeOnLoadMethodAttributes (7ms)
				AfterProcessingInitializeOnLoad (3ms)
				EditorAssembliesLoaded (0ms)
			ExecutionOrderSort2 (0ms)
			AwakeInstancesAfterBackupRestoration (7ms)
Platform modules already initialized, skipping
========================================================================
Worker process is ready to serve import requests
Launched and connected shader compiler UnityShaderCompiler.exe after 0.06 seconds
Refreshing native plugins compatible for Editor in 0.42 ms, found 5 plugins.
Preloading 0 native plugins for Editor in 0.00 ms.
Unloading 1775 Unused Serialized files (Serialized files now loaded: 0)
System memory in use before: 96.5 MB.
System memory in use after: 96.6 MB.

Unloading 23 unused Assets to reduce memory usage. Loaded Objects now: 2229.
Total: 2.050600 ms (FindLiveObjects: 0.104100 ms CreateObjectMapping: 0.029000 ms MarkObjects: 1.845100 ms  DeleteObjects: 0.071700 ms)

AssetImportParameters requested are different than current active one (requested -> active):
  custom:framework-win-MediaFoundation: 216162199b28c13a410421893ffa2e32 -> 
  custom:video-decoder-ogg-theora: a1e56fd34408186e4bbccfd4996cb3dc -> 
  custom:container-muxer-webm: aa71ff27fc2769a1b78a27578f13a17b -> 
  custom:container-demuxer-webm: 4f35f7cbe854078d1ac9338744f61a02 -> 
  custom:container-demuxer-ogg: 62fdf1f143b41e24485cea50d1cbac27 -> 
  custom:video-encoder-webm-vp8: eb34c28f22e8b96e1ab97ce403110664 -> 
  custom:video-codec-MediaFoundation-h265: 746d11721c4dcdbdad8f713fa42b33f4 -> 
  custom:video-decoder-webm-vp8: 9c59270c3fd7afecdb556c50c9e8de78 -> 
  custom:audio-decoder-ogg-vorbis: bf7c407c2cedff20999df2af8eb42d56 -> 
  custom:audio-encoder-webm-vorbis: bf7c407c2cedff20999df2af8eb42d56 -> 
========================================================================
Received Import Request.
  path: Assets/Meshes/environment/PATH_lamps.fbx
  artifactKey: Guid(b536d8457f0052c478aa0a379a22f246) Importer(815301076,1909f56bfc062723c751e8b465ee728b)
Start importing Assets/Meshes/environment/PATH_lamps.fbx using Guid(b536d8457f0052c478aa0a379a22f246) Importer(815301076,1909f56bfc062723c751e8b465ee728b)  -> (artifact id: 'c18c23a5ea12aa2344abce12d6235ea8') in 0.336634 seconds 
========================================================================
Received Import Request.
  Time since last request: 0.000282 seconds.
  path: Assets/Meshes/environment/PATH_parthenon.fbx
  artifactKey: Guid(77f9cb3e695c40441a4ed05277267f2f) Importer(815301076,1909f56bfc062723c751e8b465ee728b)
Start importing Assets/Meshes/environment/PATH_parthenon.fbx using Guid(77f9cb3e695c40441a4ed05277267f2f) Importer(815301076,1909f56bfc062723c751e8b465ee728b)  -> (artifact id: '8232e9838328ee9e428f908409ce380a') in 0.380560 seconds 
========================================================================
Received Import Request.
  Time since last request: 0.000290 seconds.
  path: Assets/Meshes/environment/PATH_shoulder_stat.fbx
  artifactKey: Guid(91d04acdae97958438cd5d46f2b7545a) Importer(815301076,1909f56bfc062723c751e8b465ee728b)
Start importing Assets/Meshes/environment/PATH_shoulder_stat.fbx using Guid(91d04acdae97958438cd5d46f2b7545a) Importer(815301076,1909f56bfc062723c751e8b465ee728b)  -> (artifact id: '25990e154e93649f8f16b9c39b6448ec') in 0.027803 seconds 
========================================================================
Received Import Request.
  Time since last request: 0.000296 seconds.
  path: Assets/Meshes/environment/PATH_broken_pillars.fbx
  artifactKey: Guid(40ccce72147dbd74ea521e123561b9de) Importer(815301076,1909f56bfc062723c751e8b465ee728b)
Start importing Assets/Meshes/environment/PATH_broken_pillars.fbx using Guid(40ccce72147dbd74ea521e123561b9de) Importer(815301076,1909f56bfc062723c751e8b465ee728b)  -> (artifact id: '08f9041c9f4732f138b2ea5de64fb83c') in 0.657484 seconds 
========================================================================
Received Import Request.
  Time since last request: 0.000308 seconds.
  path: Assets/Meshes/environment/PATH_heart_stat.fbx
  artifactKey: Guid(ed68b26356c99a04ba11352e0ba37d4b) Importer(815301076,1909f56bfc062723c751e8b465ee728b)
Start importing Assets/Meshes/environment/PATH_heart_stat.fbx using Guid(ed68b26356c99a04ba11352e0ba37d4b) Importer(815301076,1909f56bfc062723c751e8b465ee728b)  -> (artifact id: 'fe379fbf41243931bc51b2fad18bded1') in 0.067401 seconds 
========================================================================
Received Import Request.
  Time since last request: 0.000258 seconds.
  path: Assets/Meshes/environment/PATH_full.fbx
  artifactKey: Guid(0b0dc259f48337449b717775e92a88ce) Importer(815301076,1909f56bfc062723c751e8b465ee728b)
Start importing Assets/Meshes/environment/PATH_full.fbx using Guid(0b0dc259f48337449b717775e92a88ce) Importer(815301076,1909f56bfc062723c751e8b465ee728b)  -> (artifact id: 'a93aaddf95b26da341f6bc6a42ab82d7') in 0.057362 seconds 
========================================================================
Received Import Request.
  Time since last request: 0.000334 seconds.
  path: Assets/Meshes/environment/PATH_murals.fbx
  artifactKey: Guid(ce1f6226b1550d5498e6bcdc8793640c) Importer(815301076,1909f56bfc062723c751e8b465ee728b)
Start importing Assets/Meshes/environment/PATH_murals.fbx using Guid(ce1f6226b1550d5498e6bcdc8793640c) Importer(815301076,1909f56bfc062723c751e8b465ee728b)  -> (artifact id: 'ab5d19596335b1a2b25d5af05b67ee6c') in 0.092917 seconds 
========================================================================
Received Import Request.
  Time since last request: 6.575906 seconds.
  path: Assets/Meshes/environment/PATH_murals.fbx
  artifactKey: Guid(ce1f6226b1550d5498e6bcdc8793640c) Importer(815301076,1909f56bfc062723c751e8b465ee728b)
Start importing Assets/Meshes/environment/PATH_murals.fbx using Guid(ce1f6226b1550d5498e6bcdc8793640c) Importer(815301076,1909f56bfc062723c751e8b465ee728b)  -> (artifact id: '8991834b2dc3e15e4aeb3ea53ab9031f') in 0.137558 seconds 
========================================================================
Received Import Request.
  Time since last request: 0.000464 seconds.
  path: Assets/Meshes/environment/PATH_lamps.fbx
  artifactKey: Guid(b536d8457f0052c478aa0a379a22f246) Importer(815301076,1909f56bfc062723c751e8b465ee728b)
Start importing Assets/Meshes/environment/PATH_lamps.fbx using Guid(b536d8457f0052c478aa0a379a22f246) Importer(815301076,1909f56bfc062723c751e8b465ee728b)  -> (artifact id: '02a31498f49a916d1a9022d8a7690f0e') in 0.222888 seconds 
========================================================================
Received Import Request.
  Time since last request: 0.000315 seconds.
  path: Assets/Meshes/environment/PATH_parthenon.fbx
  artifactKey: Guid(77f9cb3e695c40441a4ed05277267f2f) Importer(815301076,1909f56bfc062723c751e8b465ee728b)
Start importing Assets/Meshes/environment/PATH_parthenon.fbx using Guid(77f9cb3e695c40441a4ed05277267f2f) Importer(815301076,1909f56bfc062723c751e8b465ee728b)  -> (artifact id: '593b3ab3f290149716ebf667b2d1f0a3') in 0.384728 seconds 
========================================================================
Received Import Request.
  Time since last request: 0.000330 seconds.
  path: Assets/Meshes/environment/PATH_shoulder_stat.fbx
  artifactKey: Guid(91d04acdae97958438cd5d46f2b7545a) Importer(815301076,1909f56bfc062723c751e8b465ee728b)
Start importing Assets/Meshes/environment/PATH_shoulder_stat.fbx using Guid(91d04acdae97958438cd5d46f2b7545a) Importer(815301076,1909f56bfc062723c751e8b465ee728b)  -> (artifact id: 'a68d5d0920d88c205f371131f62c8ad9') in 0.029696 seconds 
========================================================================
Received Import Request.
  Time since last request: 0.000426 seconds.
  path: Assets/Meshes/environment/PATH_broken_pillars.fbx
  artifactKey: Guid(40ccce72147dbd74ea521e123561b9de) Importer(815301076,1909f56bfc062723c751e8b465ee728b)
Start importing Assets/Meshes/environment/PATH_broken_pillars.fbx using Guid(40ccce72147dbd74ea521e123561b9de) Importer(815301076,1909f56bfc062723c751e8b465ee728b)  -> (artifact id: '7a6473b1f6d56ae7e82ac43ab4bf79cf') in 0.629183 seconds 
========================================================================
Received Import Request.
  Time since last request: 0.000229 seconds.
  path: Assets/Meshes/environment/PATH_heart_stat.fbx
  artifactKey: Guid(ed68b26356c99a04ba11352e0ba37d4b) Importer(815301076,1909f56bfc062723c751e8b465ee728b)
Start importing Assets/Meshes/environment/PATH_heart_stat.fbx using Guid(ed68b26356c99a04ba11352e0ba37d4b) Importer(815301076,1909f56bfc062723c751e8b465ee728b)  -> (artifact id: '566be16638da1501fef886b82cf1e5db') in 0.037606 seconds 
========================================================================
Received Import Request.
  Time since last request: 0.000198 seconds.
  path: Assets/Meshes/environment/PATH_full.fbx
  artifactKey: Guid(0b0dc259f48337449b717775e92a88ce) Importer(815301076,1909f56bfc062723c751e8b465ee728b)
Start importing Assets/Meshes/environment/PATH_full.fbx using Guid(0b0dc259f48337449b717775e92a88ce) Importer(815301076,1909f56bfc062723c751e8b465ee728b)  -> (artifact id: 'f3e671729d46724d89348b62954df169') in 0.047532 seconds 
========================================================================
Received Import Request.
  Time since last request: 341.231323 seconds.
  path: Assets/Meshes/environment/PATH_broken_pillars 1.fbx
  artifactKey: Guid(03d02a23be42b9941b42fb87b8c93daa) Importer(815301076,1909f56bfc062723c751e8b465ee728b)
Start importing Assets/Meshes/environment/PATH_broken_pillars 1.fbx using Guid(03d02a23be42b9941b42fb87b8c93daa) Importer(815301076,1909f56bfc062723c751e8b465ee728b)  -> (artifact id: 'e71ac7ad11168eb9c20ea46d3763d14d') in 1.129870 seconds 
========================================================================
Received Import Request.
  Time since last request: 13.323841 seconds.
  path: Assets/Meshes/environment/PATH_broken_pillars 1.fbx
  artifactKey: Guid(03d02a23be42b9941b42fb87b8c93daa) Importer(815301076,1909f56bfc062723c751e8b465ee728b)
Start importing Assets/Meshes/environment/PATH_broken_pillars 1.fbx using Guid(03d02a23be42b9941b42fb87b8c93daa) Importer(815301076,1909f56bfc062723c751e8b465ee728b)  -> (artifact id: '6a4c85c217f46ab4da95b4407d35e0c0') in 0.989343 seconds 
========================================================================
Received Import Request.
  Time since last request: 267.085638 seconds.
  path: Assets/Meshes/environment/PATH_broken_pillars.fbx
  artifactKey: Guid(40ccce72147dbd74ea521e123561b9de) Importer(815301076,1909f56bfc062723c751e8b465ee728b)
Start importing Assets/Meshes/environment/PATH_broken_pillars.fbx using Guid(40ccce72147dbd74ea521e123561b9de) Importer(815301076,1909f56bfc062723c751e8b465ee728b)  -> (artifact id: 'afcb98c7f7688837cb80bb9ee9acab00') in 1.028538 seconds 
========================================================================
Received Import Request.
  Time since last request: 4.306254 seconds.
  path: Assets/Meshes/environment/PATH_broken_pillars.fbx
  artifactKey: Guid(40ccce72147dbd74ea521e123561b9de) Importer(815301076,1909f56bfc062723c751e8b465ee728b)
Start importing Assets/Meshes/environment/PATH_broken_pillars.fbx using Guid(40ccce72147dbd74ea521e123561b9de) Importer(815301076,1909f56bfc062723c751e8b465ee728b)  -> (artifact id: 'ebe246b2be53bd2ddff45977c13417d7') in 1.008485 seconds 
========================================================================
Received Import Request.
  Time since last request: 203.685875 seconds.
  path: Assets/Materials/world
  artifactKey: Guid(9f1800ee95f0783458fcbedb52ba10ac) Importer(815301076,1909f56bfc062723c751e8b465ee728b)
Start importing Assets/Materials/world using Guid(9f1800ee95f0783458fcbedb52ba10ac) Importer(815301076,1909f56bfc062723c751e8b465ee728b)  -> (artifact id: '339ea5a987668c3e7e946a0afeb24f19') in 0.010617 seconds 
========================================================================
Received Import Request.
  Time since last request: 122.169961 seconds.
  path: Assets/Materials/parthenon/parth_head.mat
  artifactKey: Guid(ff9d1b58910b5e345a91a0dfb46360ce) Importer(815301076,1909f56bfc062723c751e8b465ee728b)
Start importing Assets/Materials/parthenon/parth_head.mat using Guid(ff9d1b58910b5e345a91a0dfb46360ce) Importer(815301076,1909f56bfc062723c751e8b465ee728b)  -> (artifact id: '821700494cee86a538f97ab53ecfd02f') in 0.223133 seconds 
========================================================================
Received Import Request.
  Time since last request: 0.000393 seconds.
  path: Assets/Materials/parthenon/parth_head_arms.mat
  artifactKey: Guid(938ef1bfa3fbda54b97d740230d3220d) Importer(815301076,1909f56bfc062723c751e8b465ee728b)
Start importing Assets/Materials/parthenon/parth_head_arms.mat using Guid(938ef1bfa3fbda54b97d740230d3220d) Importer(815301076,1909f56bfc062723c751e8b465ee728b)  -> (artifact id: 'c73f9a89e1d883d257fbc2ef27f77462') in 0.109462 seconds 
========================================================================
Received Import Request.
  Time since last request: 0.000373 seconds.
  path: Assets/Materials/parthenon/parth_head_decor.mat
  artifactKey: Guid(ab0655717cb6b02469ae582e3724c6d4) Importer(815301076,1909f56bfc062723c751e8b465ee728b)
Start importing Assets/Materials/parthenon/parth_head_decor.mat using Guid(ab0655717cb6b02469ae582e3724c6d4) Importer(815301076,1909f56bfc062723c751e8b465ee728b)  -> (artifact id: '81c625a54e64a0967b82274c218cefa3') in 0.104423 seconds 
========================================================================
Received Import Request.
  Time since last request: 0.000295 seconds.
  path: Assets/Materials/parthenon/parth_pillars.mat
  artifactKey: Guid(72f2e22264d424a40b31132053c26bcc) Importer(815301076,1909f56bfc062723c751e8b465ee728b)
Start importing Assets/Materials/parthenon/parth_pillars.mat using Guid(72f2e22264d424a40b31132053c26bcc) Importer(815301076,1909f56bfc062723c751e8b465ee728b)  -> (artifact id: '8f040436263d45a920ba5b38c368cdfc') in 0.099069 seconds 
========================================================================
Received Import Request.
  Time since last request: 1.357651 seconds.
  path: Assets/Materials/station/station_lamp_base.mat
  artifactKey: Guid(909082e756e7a894b863a4e0127bcc32) Importer(815301076,1909f56bfc062723c751e8b465ee728b)
Start importing Assets/Materials/station/station_lamp_base.mat using Guid(909082e756e7a894b863a4e0127bcc32) Importer(815301076,1909f56bfc062723c751e8b465ee728b)  -> (artifact id: '8329ebd4fae1cb703bbcbe04d4ddd8ed') in 0.073965 seconds 
========================================================================
Received Import Request.
  Time since last request: 0.000366 seconds.
  path: Assets/Materials/station/station_lamp_head.mat
  artifactKey: Guid(c0e8cb56bd3033d498e86763e6bb47cc) Importer(815301076,1909f56bfc062723c751e8b465ee728b)
Start importing Assets/Materials/station/station_lamp_head.mat using Guid(c0e8cb56bd3033d498e86763e6bb47cc) Importer(815301076,1909f56bfc062723c751e8b465ee728b)  -> (artifact id: '08b820f801e2e590172a59fe6179d505') in 0.076227 seconds 
========================================================================
Received Import Request.
  Time since last request: 0.000420 seconds.
  path: Assets/Materials/station/station_seat_cushion.mat
  artifactKey: Guid(ac816b17f80f2fa46a83393e389c5f7e) Importer(815301076,1909f56bfc062723c751e8b465ee728b)
Start importing Assets/Materials/station/station_seat_cushion.mat using Guid(ac816b17f80f2fa46a83393e389c5f7e) Importer(815301076,1909f56bfc062723c751e8b465ee728b)  -> (artifact id: 'fbf8a4a9ca45366dbd7d3c5fb4ea35ae') in 0.067601 seconds 
========================================================================
Received Import Request.
  Time since last request: 0.000508 seconds.
  path: Assets/Materials/station/station_seat.mat
  artifactKey: Guid(b3c16671327000d46971c48f1a85e396) Importer(815301076,1909f56bfc062723c751e8b465ee728b)
Start importing Assets/Materials/station/station_seat.mat using Guid(b3c16671327000d46971c48f1a85e396) Importer(815301076,1909f56bfc062723c751e8b465ee728b)  -> (artifact id: 'eba7468fa90f53642f2fd6e0d1c65774') in 0.080670 seconds 
========================================================================
Received Import Request.
  Time since last request: 0.000196 seconds.
  path: Assets/Materials/station/station_roof.mat
  artifactKey: Guid(9da5fb692df451348a77157750632cf6) Importer(815301076,1909f56bfc062723c751e8b465ee728b)
Start importing Assets/Materials/station/station_roof.mat using Guid(9da5fb692df451348a77157750632cf6) Importer(815301076,1909f56bfc062723c751e8b465ee728b)  -> (artifact id: 'd495ba288eaa7e486c08e6b7fd023ceb') in 0.056718 seconds 
========================================================================
Received Import Request.
  Time since last request: 0.000420 seconds.
  path: Assets/Materials/station/station_supports.mat
  artifactKey: Guid(4c1debd894aa00843b4f2afff3ad3c88) Importer(815301076,1909f56bfc062723c751e8b465ee728b)
Start importing Assets/Materials/station/station_supports.mat using Guid(4c1debd894aa00843b4f2afff3ad3c88) Importer(815301076,1909f56bfc062723c751e8b465ee728b)  -> (artifact id: '41b938e2856dfbb6701077232698524a') in 0.204279 seconds 
========================================================================
Received Import Request.
  Time since last request: 69.193256 seconds.
  path: Assets/Meshes/environment/PATH_lamps.fbx
  artifactKey: Guid(b536d8457f0052c478aa0a379a22f246) Importer(815301076,1909f56bfc062723c751e8b465ee728b)
Start importing Assets/Meshes/environment/PATH_lamps.fbx using Guid(b536d8457f0052c478aa0a379a22f246) Importer(815301076,1909f56bfc062723c751e8b465ee728b)  -> (artifact id: 'cffa399bcc1eccfd8ea9857aaea38973') in 0.237745 seconds 
========================================================================
Received Import Request.
  Time since last request: 16.355038 seconds.
  path: Assets/Materials/parthenon
  artifactKey: Guid(531d64220b0e0464bad9da7870c8745a) Importer(815301076,1909f56bfc062723c751e8b465ee728b)
Start importing Assets/Materials/parthenon using Guid(531d64220b0e0464bad9da7870c8745a) Importer(815301076,1909f56bfc062723c751e8b465ee728b)  -> (artifact id: '8ca82dd9584ffdc9bc804ae5425c8b2e') in 0.014871 seconds 
========================================================================
Received Import Request.
  Time since last request: 24.113736 seconds.
  path: Assets/Meshes/environment/PATH_broken_pillars.fbx
  artifactKey: Guid(40ccce72147dbd74ea521e123561b9de) Importer(815301076,1909f56bfc062723c751e8b465ee728b)
Start importing Assets/Meshes/environment/PATH_broken_pillars.fbx using Guid(40ccce72147dbd74ea521e123561b9de) Importer(815301076,1909f56bfc062723c751e8b465ee728b)  -> (artifact id: '2485be68f9ee121a3ca2d478af8f4434') in 0.943890 seconds 
========================================================================
Received Import Request.
  Time since last request: 76.194101 seconds.
  path: Assets/Meshes/environment/PATH_parthenon.fbx
  artifactKey: Guid(77f9cb3e695c40441a4ed05277267f2f) Importer(815301076,1909f56bfc062723c751e8b465ee728b)
Start importing Assets/Meshes/environment/PATH_parthenon.fbx using Guid(77f9cb3e695c40441a4ed05277267f2f) Importer(815301076,1909f56bfc062723c751e8b465ee728b)  -> (artifact id: '9531ebcd2e5b2466a221033eb1adb1a6') in 0.534870 seconds 
========================================================================
Received Import Request.
  Time since last request: 142.950928 seconds.
  path: Assets/Meshes/environment/PATH_broken_pillars.fbx
  artifactKey: Guid(40ccce72147dbd74ea521e123561b9de) Importer(815301076,1909f56bfc062723c751e8b465ee728b)
Start importing Assets/Meshes/environment/PATH_broken_pillars.fbx using Guid(40ccce72147dbd74ea521e123561b9de) Importer(815301076,1909f56bfc062723c751e8b465ee728b)  -> (artifact id: '0cdd988aac852662df4c95b66a41897e') in 0.697035 seconds 
========================================================================
Received Import Request.
  Time since last request: 47.743577 seconds.
  path: Assets/Meshes/environment/PATH_parthenon.fbx
  artifactKey: Guid(77f9cb3e695c40441a4ed05277267f2f) Importer(815301076,1909f56bfc062723c751e8b465ee728b)
Start importing Assets/Meshes/environment/PATH_parthenon.fbx using Guid(77f9cb3e695c40441a4ed05277267f2f) Importer(815301076,1909f56bfc062723c751e8b465ee728b)  -> (artifact id: '2097363eac07eaf0a56f67ca849a90e7') in 0.419119 seconds 
========================================================================
Received Import Request.
  Time since last request: 21.205547 seconds.
  path: Assets/Meshes/environment/PATH_parthenon.fbx
  artifactKey: Guid(77f9cb3e695c40441a4ed05277267f2f) Importer(815301076,1909f56bfc062723c751e8b465ee728b)
Start importing Assets/Meshes/environment/PATH_parthenon.fbx using Guid(77f9cb3e695c40441a4ed05277267f2f) Importer(815301076,1909f56bfc062723c751e8b465ee728b)  -> (artifact id: 'cc0e334577be3d75a0d3c8ebb431a260') in 0.475352 seconds 
========================================================================
Received Import Request.
  Time since last request: 8.979851 seconds.
  path: Assets/Meshes/environment/PATH_parthenon.fbx
  artifactKey: Guid(77f9cb3e695c40441a4ed05277267f2f) Importer(815301076,1909f56bfc062723c751e8b465ee728b)
Start importing Assets/Meshes/environment/PATH_parthenon.fbx using Guid(77f9cb3e695c40441a4ed05277267f2f) Importer(815301076,1909f56bfc062723c751e8b465ee728b)  -> (artifact id: '07a8563cc83695a30d4f038e7ba635b3') in 0.450228 seconds 
========================================================================
Received Import Request.
  Time since last request: 12.315855 seconds.
  path: Assets/Meshes/environment/PATH_parthenon.fbx
  artifactKey: Guid(77f9cb3e695c40441a4ed05277267f2f) Importer(815301076,1909f56bfc062723c751e8b465ee728b)
Start importing Assets/Meshes/environment/PATH_parthenon.fbx using Guid(77f9cb3e695c40441a4ed05277267f2f) Importer(815301076,1909f56bfc062723c751e8b465ee728b)  -> (artifact id: '6c6374f4cefac028d7a25ef18b6dcf72') in 0.596980 seconds 
========================================================================
Received Import Request.
  Time since last request: 5.078851 seconds.
  path: Assets/Meshes/environment/PATH_parthenon.fbx
  artifactKey: Guid(77f9cb3e695c40441a4ed05277267f2f) Importer(815301076,1909f56bfc062723c751e8b465ee728b)
Start importing Assets/Meshes/environment/PATH_parthenon.fbx using Guid(77f9cb3e695c40441a4ed05277267f2f) Importer(815301076,1909f56bfc062723c751e8b465ee728b)  -> (artifact id: 'f157e159a4763b63d2969c47839f3962') in 0.558120 seconds 
========================================================================
Received Import Request.
  Time since last request: 4.941148 seconds.
  path: Assets/Meshes/environment/PATH_parthenon.fbx
  artifactKey: Guid(77f9cb3e695c40441a4ed05277267f2f) Importer(815301076,1909f56bfc062723c751e8b465ee728b)
Start importing Assets/Meshes/environment/PATH_parthenon.fbx using Guid(77f9cb3e695c40441a4ed05277267f2f) Importer(815301076,1909f56bfc062723c751e8b465ee728b)  -> (artifact id: '2e9899e0bbd3024f56e4e60381551ff6') in 0.838322 seconds 
========================================================================
Received Import Request.
  Time since last request: 18.125412 seconds.
  path: Assets/Textures/parthenon
  artifactKey: Guid(39fd47d47615a4c44a7192ceadddf632) Importer(815301076,1909f56bfc062723c751e8b465ee728b)
Start importing Assets/Textures/parthenon using Guid(39fd47d47615a4c44a7192ceadddf632) Importer(815301076,1909f56bfc062723c751e8b465ee728b)  -> (artifact id: '5cbfca8e70e416b2f59723662bfb0126') in 0.003406 seconds 
========================================================================
Received Import Request.
  Time since last request: 0.064598 seconds.
  path: Assets/Textures/parthenon/TXT_parth_head_arms_AO.png
  artifactKey: Guid(8e16fc0c9a1efe54790127e16e0c8f3c) Importer(815301076,1909f56bfc062723c751e8b465ee728b)
Start importing Assets/Textures/parthenon/TXT_parth_head_arms_AO.png using Guid(8e16fc0c9a1efe54790127e16e0c8f3c) Importer(815301076,1909f56bfc062723c751e8b465ee728b)  -> (artifact id: 'c03f6719e01a0595c202c3134c79675e') in 0.192027 seconds 
========================================================================
Received Import Request.
  Time since last request: 0.000400 seconds.
  path: Assets/Textures/parthenon/TXT_parth_pillars_AO.png
  artifactKey: Guid(be99d6fe0c75bfe4a8f1221ebbe7ab00) Importer(815301076,1909f56bfc062723c751e8b465ee728b)
Start importing Assets/Textures/parthenon/TXT_parth_pillars_AO.png using Guid(be99d6fe0c75bfe4a8f1221ebbe7ab00) Importer(815301076,1909f56bfc062723c751e8b465ee728b)  -> (artifact id: 'fa468ccd0cf84e4c42495ce7623cbb9a') in 0.019716 seconds 
========================================================================
Received Import Request.
  Time since last request: 0.000454 seconds.
  path: Assets/Textures/parthenon/TXT_parth_head_decor_Normal.png
  artifactKey: Guid(3b0d5fd3341018c42938ddc016507953) Importer(815301076,1909f56bfc062723c751e8b465ee728b)
Start importing Assets/Textures/parthenon/TXT_parth_head_decor_Normal.png using Guid(3b0d5fd3341018c42938ddc016507953) Importer(815301076,1909f56bfc062723c751e8b465ee728b)  -> (artifact id: '2bebacfc877e3cd00d90d4c3c3dcf3cb') in 0.082112 seconds 
========================================================================
Received Import Request.
  Time since last request: 0.000508 seconds.
  path: Assets/Textures/parthenon/TXT_parth_head_front_Emissive.png
  artifactKey: Guid(c5ee5dbe92374de4d96cb514dc285735) Importer(815301076,1909f56bfc062723c751e8b465ee728b)
Start importing Assets/Textures/parthenon/TXT_parth_head_front_Emissive.png using Guid(c5ee5dbe92374de4d96cb514dc285735) Importer(815301076,1909f56bfc062723c751e8b465ee728b)  -> (artifact id: 'ec46a9ca5458a215b285bbcc1d3ea372') in 0.039376 seconds 
========================================================================
Received Import Request.
  Time since last request: 0.000490 seconds.
  path: Assets/Textures/parthenon/TXT_parth_head_decor_Metallic.png
  artifactKey: Guid(191449fc605c87444abdde7707918840) Importer(815301076,1909f56bfc062723c751e8b465ee728b)
Start importing Assets/Textures/parthenon/TXT_parth_head_decor_Metallic.png using Guid(191449fc605c87444abdde7707918840) Importer(815301076,1909f56bfc062723c751e8b465ee728b)  -> (artifact id: '0a86c16683f6bd51ace8f175bfbf6d2d') in 0.017423 seconds 
========================================================================
Received Import Request.
  Time since last request: 0.000312 seconds.
  path: Assets/Textures/parthenon/TXT_parth_pillars_Roughness.png
  artifactKey: Guid(cace1ed57e43ed045b5880e796a880cb) Importer(815301076,1909f56bfc062723c751e8b465ee728b)
Start importing Assets/Textures/parthenon/TXT_parth_pillars_Roughness.png using Guid(cace1ed57e43ed045b5880e796a880cb) Importer(815301076,1909f56bfc062723c751e8b465ee728b)  -> (artifact id: '36949a5622533bade7f93cbf91fab7a5') in 0.028151 seconds 
========================================================================
Received Import Request.
  Time since last request: 0.000325 seconds.
  path: Assets/Textures/parthenon/TXT_parth_head_arms_Emissive.png
  artifactKey: Guid(f6db0df49d7670f4286ccd1af24a10f7) Importer(815301076,1909f56bfc062723c751e8b465ee728b)
Start importing Assets/Textures/parthenon/TXT_parth_head_arms_Emissive.png using Guid(f6db0df49d7670f4286ccd1af24a10f7) Importer(815301076,1909f56bfc062723c751e8b465ee728b)  -> (artifact id: '9193338fbb8d7ca308a95400f1d0e992') in 0.032306 seconds 
========================================================================
Received Import Request.
  Time since last request: 0.000388 seconds.
  path: Assets/Textures/parthenon/TXT_parth_head_front_Metallic.png
  artifactKey: Guid(6e1876715baffc940bfdb9025dfbc2eb) Importer(815301076,1909f56bfc062723c751e8b465ee728b)
Start importing Assets/Textures/parthenon/TXT_parth_head_front_Metallic.png using Guid(6e1876715baffc940bfdb9025dfbc2eb) Importer(815301076,1909f56bfc062723c751e8b465ee728b)  -> (artifact id: '3220de57cd0823875aab26f339d51ea7') in 0.029490 seconds 
========================================================================
Received Import Request.
  Time since last request: 0.000387 seconds.
  path: Assets/Textures/parthenon/TXT_parth_head_arms_Roughness.png
  artifactKey: Guid(06d2883f03704d7468c515c397afc04e) Importer(815301076,1909f56bfc062723c751e8b465ee728b)
Start importing Assets/Textures/parthenon/TXT_parth_head_arms_Roughness.png using Guid(06d2883f03704d7468c515c397afc04e) Importer(815301076,1909f56bfc062723c751e8b465ee728b)  -> (artifact id: 'ef8276e67e2ce54f9b21d0d45ba59ede') in 0.016666 seconds 
========================================================================
Received Import Request.
  Time since last request: 0.000348 seconds.
  path: Assets/Textures/parthenon/TXT_parth_head_arms_BaseColour.png
  artifactKey: Guid(e41b2fa83e02bd6498acd27f3582b19a) Importer(815301076,1909f56bfc062723c751e8b465ee728b)
Start importing Assets/Textures/parthenon/TXT_parth_head_arms_BaseColour.png using Guid(e41b2fa83e02bd6498acd27f3582b19a) Importer(815301076,1909f56bfc062723c751e8b465ee728b)  -> (artifact id: '6d658143e8a99b10c555381b918228ae') in 0.016941 seconds 
========================================================================
Received Import Request.
  Time since last request: 0.000332 seconds.
  path: Assets/Textures/parthenon/TXT_parth_head_arms_Metallic.png
  artifactKey: Guid(14a05d66a3ca02f4e8d9b2010aea8dcd) Importer(815301076,1909f56bfc062723c751e8b465ee728b)
Start importing Assets/Textures/parthenon/TXT_parth_head_arms_Metallic.png using Guid(14a05d66a3ca02f4e8d9b2010aea8dcd) Importer(815301076,1909f56bfc062723c751e8b465ee728b)  -> (artifact id: '24885480b635e0a1edbf1e084202ab12') in 0.016153 seconds 
========================================================================
Received Import Request.
  Time since last request: 0.000318 seconds.
  path: Assets/Textures/parthenon/TXT_parth_pillars_Metallic.png
  artifactKey: Guid(b8ebd86c2b3592e4fa06636133220d73) Importer(815301076,1909f56bfc062723c751e8b465ee728b)
Start importing Assets/Textures/parthenon/TXT_parth_pillars_Metallic.png using Guid(b8ebd86c2b3592e4fa06636133220d73) Importer(815301076,1909f56bfc062723c751e8b465ee728b)  -> (artifact id: '08634bf6dbee0e32d54469931ab99467') in 0.016146 seconds 
========================================================================
Received Import Request.
  Time since last request: 0.000161 seconds.
  path: Assets/Textures/parthenon/TXT_parth_head_front_BaseColour.png
  artifactKey: Guid(eb1d8760e743ce64c8621a8db40ef681) Importer(815301076,1909f56bfc062723c751e8b465ee728b)
Start importing Assets/Textures/parthenon/TXT_parth_head_front_BaseColour.png using Guid(eb1d8760e743ce64c8621a8db40ef681) Importer(815301076,1909f56bfc062723c751e8b465ee728b)  -> (artifact id: '42f9e24c44d63883285a6464f34eaa65') in 0.015791 seconds 
========================================================================
Received Import Request.
  Time since last request: 0.000221 seconds.
  path: Assets/Textures/parthenon/TXT_parth_head_front_Roughness.png
  artifactKey: Guid(81fa00f3a27f32842a16385c2194625c) Importer(815301076,1909f56bfc062723c751e8b465ee728b)
Start importing Assets/Textures/parthenon/TXT_parth_head_front_Roughness.png using Guid(81fa00f3a27f32842a16385c2194625c) Importer(815301076,1909f56bfc062723c751e8b465ee728b)  -> (artifact id: 'afe0e6b144fd52aea90a8c8b73655558') in 0.019689 seconds 
========================================================================
Received Import Request.
  Time since last request: 0.000331 seconds.
  path: Assets/Textures/parthenon/TXT_parth_head_arms_Normal.png
  artifactKey: Guid(df4f20ffe42f7de428da8bab4bf29b0f) Importer(815301076,1909f56bfc062723c751e8b465ee728b)
Start importing Assets/Textures/parthenon/TXT_parth_head_arms_Normal.png using Guid(df4f20ffe42f7de428da8bab4bf29b0f) Importer(815301076,1909f56bfc062723c751e8b465ee728b)  -> (artifact id: 'e4bad157621c9e4f102ff6850a8a6240') in 0.017043 seconds 
========================================================================
Received Import Request.
  Time since last request: 0.000308 seconds.
  path: Assets/Textures/parthenon/TXT_parth_head_front_AO.png
  artifactKey: Guid(3099db8c997b4584a96d70972102591a) Importer(815301076,1909f56bfc062723c751e8b465ee728b)
Start importing Assets/Textures/parthenon/TXT_parth_head_front_AO.png using Guid(3099db8c997b4584a96d70972102591a) Importer(815301076,1909f56bfc062723c751e8b465ee728b)  -> (artifact id: '0d583b40ec02f957692816b79db58099') in 0.016569 seconds 
========================================================================
Received Import Request.
  Time since last request: 0.000315 seconds.
  path: Assets/Textures/parthenon/TXT_parth_pillars_BaseColour.png
  artifactKey: Guid(925dffb399995384f9d8c1215d1549ba) Importer(815301076,1909f56bfc062723c751e8b465ee728b)
Start importing Assets/Textures/parthenon/TXT_parth_pillars_BaseColour.png using Guid(925dffb399995384f9d8c1215d1549ba) Importer(815301076,1909f56bfc062723c751e8b465ee728b)  -> (artifact id: '36b1637f9f0c7ab7ede9cce160c3b87a') in 0.025780 seconds 
========================================================================
Received Import Request.
  Time since last request: 0.000262 seconds.
  path: Assets/Textures/parthenon/TXT_parth_head_decor_Roughness.png
  artifactKey: Guid(72c1786a2257b9440abd69bdc0efeb9c) Importer(815301076,1909f56bfc062723c751e8b465ee728b)
Start importing Assets/Textures/parthenon/TXT_parth_head_decor_Roughness.png using Guid(72c1786a2257b9440abd69bdc0efeb9c) Importer(815301076,1909f56bfc062723c751e8b465ee728b)  -> (artifact id: '12ec1a8edf2041fc3bf6157e654f21bc') in 0.019783 seconds 
========================================================================
Received Import Request.
  Time since last request: 0.000241 seconds.
  path: Assets/Textures/parthenon/TXT_parth_head_decor_Emissive.png
  artifactKey: Guid(c562b1a2f7208a64c94bf40052a8faf0) Importer(815301076,1909f56bfc062723c751e8b465ee728b)
Start importing Assets/Textures/parthenon/TXT_parth_head_decor_Emissive.png using Guid(c562b1a2f7208a64c94bf40052a8faf0) Importer(815301076,1909f56bfc062723c751e8b465ee728b)  -> (artifact id: '928f752be9f9df0597e03ec9c6d71730') in 0.025434 seconds 
========================================================================
Received Import Request.
  Time since last request: 0.000290 seconds.
  path: Assets/Textures/parthenon/TXT_parth_head_front_Normal.png
  artifactKey: Guid(70a4d28fb67117c47a90fa6082486184) Importer(815301076,1909f56bfc062723c751e8b465ee728b)
Start importing Assets/Textures/parthenon/TXT_parth_head_front_Normal.png using Guid(70a4d28fb67117c47a90fa6082486184) Importer(815301076,1909f56bfc062723c751e8b465ee728b)  -> (artifact id: 'f089e18b2a411ae3a7d74901459d667c') in 0.018888 seconds 
========================================================================
Received Import Request.
  Time since last request: 0.000266 seconds.
  path: Assets/Textures/parthenon/TXT_parth_pillars_Emissive.png
  artifactKey: Guid(d60426b5949f7274382744577e05ab3f) Importer(815301076,1909f56bfc062723c751e8b465ee728b)
Start importing Assets/Textures/parthenon/TXT_parth_pillars_Emissive.png using Guid(d60426b5949f7274382744577e05ab3f) Importer(815301076,1909f56bfc062723c751e8b465ee728b)  -> (artifact id: 'e5140c67a8bedf93fad838492a4b9594') in 0.026730 seconds 
========================================================================
Received Import Request.
  Time since last request: 0.000398 seconds.
  path: Assets/Textures/parthenon/TXT_parth_head_decor_BaseColour.png
  artifactKey: Guid(1cbfbda415d636745909c60a89384f21) Importer(815301076,1909f56bfc062723c751e8b465ee728b)
Start importing Assets/Textures/parthenon/TXT_parth_head_decor_BaseColour.png using Guid(1cbfbda415d636745909c60a89384f21) Importer(815301076,1909f56bfc062723c751e8b465ee728b)  -> (artifact id: '515ebb288b9275e6815b7565556b2507') in 0.016566 seconds 
========================================================================
Received Import Request.
  Time since last request: 0.000265 seconds.
  path: Assets/Textures/parthenon/TXT_parth_head_decor_AO.png
  artifactKey: Guid(f26c09268211c3a44ac08fb6316723ed) Importer(815301076,1909f56bfc062723c751e8b465ee728b)
Start importing Assets/Textures/parthenon/TXT_parth_head_decor_AO.png using Guid(f26c09268211c3a44ac08fb6316723ed) Importer(815301076,1909f56bfc062723c751e8b465ee728b)  -> (artifact id: 'e0562c993cdb0a44912d026ebccbf4b9') in 0.013805 seconds 
========================================================================
Received Import Request.
  Time since last request: 0.000215 seconds.
  path: Assets/Textures/parthenon/TXT_parth_pillars_Normal.png
  artifactKey: Guid(dd919149e35c04f49a4335e2894fee8b) Importer(815301076,1909f56bfc062723c751e8b465ee728b)
Start importing Assets/Textures/parthenon/TXT_parth_pillars_Normal.png using Guid(dd919149e35c04f49a4335e2894fee8b) Importer(815301076,1909f56bfc062723c751e8b465ee728b)  -> (artifact id: '69876c4b7c31b11e752756fa87b2f2ed') in 0.019007 seconds 
AssetImportWorkerClient::OnTransportError - code=2 error=End of file
