Using pre-set license
Built from '2020.3/staging' branch; Version is '2020.3.32f1 (12f8b0834f07) revision 1243312'; Using compiler version '192528614'; Build Type 'Release'
OS: 'Windows 10  (10.0.19044) 64bit Professional' Language: 'en' Physical Memory: 16301 MB
BatchMode: 1, IsHumanControllingUs: 0, StartBugReporterOnCrash: 0, Is64bit: 1, IsPro: 0

COMMAND LINE ARGUMENTS:
C:\Program Files\Unity\Hub\Editor\2020.3.32f1\Editor\Unity.exe
-adb2
-batchMode
-noUpm
-name
AssetImportWorker0
-projectPath
C:/Users/ningy/Documents/GitHub/sol/UNITY/SOL_SEF
-logFile
Logs/AssetImportWorker0.log
-srvPort
50032
Successfully changed project path to: C:/Users/ningy/Documents/GitHub/sol/UNITY/SOL_SEF
C:/Users/ningy/Documents/GitHub/sol/UNITY/SOL_SEF
Using Asset Import Pipeline V2.
Refreshing native plugins compatible for Editor in 136.49 ms, found 5 plugins.
Preloading 0 native plugins for Editor in 0.00 ms.
Initialize engine version: 2020.3.32f1 (12f8b0834f07)
[Subsystems] Discovering subsystems at path C:/Program Files/Unity/Hub/Editor/2020.3.32f1/Editor/Data/Resources/UnitySubsystems
[Subsystems] Discovering subsystems at path C:/Users/ningy/Documents/GitHub/sol/UNITY/SOL_SEF/Assets
GfxDevice: creating device client; threaded=0
Direct3D:
    Version:  Direct3D 11.0 [level 11.1]
    Renderer: NVIDIA GeForce GTX 1050 (ID=0x1c8d)
    Vendor:   
    VRAM:     1979 MB
    Driver:   31.0.15.1740
Initialize mono
Mono path[0] = 'C:/Program Files/Unity/Hub/Editor/2020.3.32f1/Editor/Data/Managed'
Mono path[1] = 'C:/Program Files/Unity/Hub/Editor/2020.3.32f1/Editor/Data/MonoBleedingEdge/lib/mono/unityjit'
Mono config path = 'C:/Program Files/Unity/Hub/Editor/2020.3.32f1/Editor/Data/MonoBleedingEdge/etc'
Using monoOptions --debugger-agent=transport=dt_socket,embedding=1,server=y,suspend=n,address=127.0.0.1:56352
Begin MonoManager ReloadAssembly
Registering precompiled unity dll's ...
Register platform support module: C:/Program Files/Unity/Hub/Editor/2020.3.32f1/Editor/Data/PlaybackEngines/WindowsStandaloneSupport/UnityEditor.WindowsStandalone.Extensions.dll
Registered in 0.006215 seconds.
Native extension for WindowsStandalone target not found
Refreshing native plugins compatible for Editor in 129.04 ms, found 5 plugins.
Preloading 0 native plugins for Editor in 0.00 ms.
Mono: successfully reloaded assembly
- Completed reload, in  1.613 seconds
Domain Reload Profiling:
	ReloadAssembly (1614ms)
		BeginReloadAssembly (187ms)
			ExecutionOrderSort (0ms)
			DisableScriptedObjects (0ms)
			BackupInstance (0ms)
			ReleaseScriptingObjects (0ms)
			CreateAndSetChildDomain (2ms)
		EndReloadAssembly (1228ms)
			LoadAssemblies (181ms)
			RebuildTransferFunctionScriptingTraits (0ms)
			SetupTypeCache (394ms)
			ReleaseScriptCaches (0ms)
			RebuildScriptCaches (90ms)
			SetupLoadedEditorAssemblies (472ms)
				LogAssemblyErrors (0ms)
				InitializePlatformSupportModulesInManaged (14ms)
				SetLoadedEditorAssemblies (1ms)
				RefreshPlugins (129ms)
				BeforeProcessingInitializeOnLoad (24ms)
				ProcessInitializeOnLoadAttributes (233ms)
				ProcessInitializeOnLoadMethodAttributes (70ms)
				AfterProcessingInitializeOnLoad (0ms)
				EditorAssembliesLoaded (1ms)
			ExecutionOrderSort2 (0ms)
			AwakeInstancesAfterBackupRestoration (0ms)
Platform modules already initialized, skipping
Registering precompiled user dll's ...
Registered in 0.011131 seconds.
Begin MonoManager ReloadAssembly
Native extension for WindowsStandalone target not found
Refreshing native plugins compatible for Editor in 0.96 ms, found 5 plugins.
Preloading 0 native plugins for Editor in 0.00 ms.
Mono: successfully reloaded assembly
- Completed reload, in  2.419 seconds
Domain Reload Profiling:
	ReloadAssembly (2420ms)
		BeginReloadAssembly (416ms)
			ExecutionOrderSort (0ms)
			DisableScriptedObjects (13ms)
			BackupInstance (0ms)
			ReleaseScriptingObjects (0ms)
			CreateAndSetChildDomain (46ms)
		EndReloadAssembly (1816ms)
			LoadAssemblies (256ms)
			RebuildTransferFunctionScriptingTraits (0ms)
			SetupTypeCache (722ms)
			ReleaseScriptCaches (1ms)
			RebuildScriptCaches (127ms)
			SetupLoadedEditorAssemblies (501ms)
				LogAssemblyErrors (0ms)
				InitializePlatformSupportModulesInManaged (18ms)
				SetLoadedEditorAssemblies (1ms)
				RefreshPlugins (1ms)
				BeforeProcessingInitializeOnLoad (102ms)
				ProcessInitializeOnLoadAttributes (352ms)
				ProcessInitializeOnLoadMethodAttributes (14ms)
				AfterProcessingInitializeOnLoad (13ms)
				EditorAssembliesLoaded (0ms)
			ExecutionOrderSort2 (0ms)
			AwakeInstancesAfterBackupRestoration (10ms)
Platform modules already initialized, skipping
========================================================================
Worker process is ready to serve import requests
Launched and connected shader compiler UnityShaderCompiler.exe after 0.07 seconds
Refreshing native plugins compatible for Editor in 0.91 ms, found 5 plugins.
Preloading 0 native plugins for Editor in 0.00 ms.
Unloading 1781 Unused Serialized files (Serialized files now loaded: 0)
System memory in use before: 97.4 MB.
System memory in use after: 97.5 MB.

Unloading 23 unused Assets to reduce memory usage. Loaded Objects now: 2235.
Total: 3.523400 ms (FindLiveObjects: 0.191000 ms CreateObjectMapping: 0.079100 ms MarkObjects: 3.132600 ms  DeleteObjects: 0.119800 ms)

AssetImportParameters requested are different than current active one (requested -> active):
  custom:framework-win-MediaFoundation: 216162199b28c13a410421893ffa2e32 -> 
  custom:video-decoder-ogg-theora: a1e56fd34408186e4bbccfd4996cb3dc -> 
  custom:container-muxer-webm: aa71ff27fc2769a1b78a27578f13a17b -> 
  custom:container-demuxer-webm: 4f35f7cbe854078d1ac9338744f61a02 -> 
  custom:container-demuxer-ogg: 62fdf1f143b41e24485cea50d1cbac27 -> 
  custom:video-encoder-webm-vp8: eb34c28f22e8b96e1ab97ce403110664 -> 
  custom:video-codec-MediaFoundation-h265: 746d11721c4dcdbdad8f713fa42b33f4 -> 
  custom:video-decoder-webm-vp8: 9c59270c3fd7afecdb556c50c9e8de78 -> 
  custom:audio-decoder-ogg-vorbis: bf7c407c2cedff20999df2af8eb42d56 -> 
  custom:audio-encoder-webm-vorbis: bf7c407c2cedff20999df2af8eb42d56 -> 
========================================================================
Received Import Request.
  path: Assets/SampleParticles/Smoke & Steam Effects/Prefabs/SmokeEffect.prefab
  artifactKey: Guid(73767e07adddc394d82b994801f89bbb) Importer(815301076,1909f56bfc062723c751e8b465ee728b)
Start importing Assets/SampleParticles/Smoke & Steam Effects/Prefabs/SmokeEffect.prefab using Guid(73767e07adddc394d82b994801f89bbb) Importer(815301076,1909f56bfc062723c751e8b465ee728b)  -> (artifact id: '25a212957c901a7746888bb8479ab99a') in 3.165223 seconds 
========================================================================
Received Import Request.
  Time since last request: 0.002415 seconds.
  path: Assets/SampleParticles/Smoke & Steam Effects/Prefabs/Heat Distortion.prefab
  artifactKey: Guid(ea309e8646148c24ab067d84d5d22697) Importer(815301076,1909f56bfc062723c751e8b465ee728b)
Start importing Assets/SampleParticles/Smoke & Steam Effects/Prefabs/Heat Distortion.prefab using Guid(ea309e8646148c24ab067d84d5d22697) Importer(815301076,1909f56bfc062723c751e8b465ee728b)  -> (artifact id: '4e6c17450013f9452c840aedfd415e2a') in 0.433497 seconds 
========================================================================
Received Import Request.
  Time since last request: 0.000582 seconds.
  path: Assets/SampleParticles/Smoke & Steam Effects/Prefabs
  artifactKey: Guid(dbfd7946be19cfa47b39e4ca9a17c511) Importer(815301076,1909f56bfc062723c751e8b465ee728b)
Start importing Assets/SampleParticles/Smoke & Steam Effects/Prefabs using Guid(dbfd7946be19cfa47b39e4ca9a17c511) Importer(815301076,1909f56bfc062723c751e8b465ee728b)  -> (artifact id: 'eb5dacd081183a4b269d39972abe5688') in 0.012306 seconds 
========================================================================
Received Import Request.
  Time since last request: 0.000585 seconds.
  path: Assets/SampleParticles
  artifactKey: Guid(6c0b056137d972f46a0312ba21b6263f) Importer(815301076,1909f56bfc062723c751e8b465ee728b)
Start importing Assets/SampleParticles using Guid(6c0b056137d972f46a0312ba21b6263f) Importer(815301076,1909f56bfc062723c751e8b465ee728b)  -> (artifact id: '3e491896fb6c235bb8c1de484aedad8e') in 0.016270 seconds 
========================================================================
Received Import Request.
  Time since last request: 0.000574 seconds.
  path: Assets/SampleParticles/Smoke & Steam Effects/Prefabs/Steam.prefab
  artifactKey: Guid(378b2c30ef426554495292cb902cb8f4) Importer(815301076,1909f56bfc062723c751e8b465ee728b)
Start importing Assets/SampleParticles/Smoke & Steam Effects/Prefabs/Steam.prefab using Guid(378b2c30ef426554495292cb902cb8f4) Importer(815301076,1909f56bfc062723c751e8b465ee728b)  -> (artifact id: '811228e40a8087f2769051efd7cbc56f') in 3.458417 seconds 
========================================================================
Received Import Request.
  Time since last request: 0.000442 seconds.
  path: Assets/SampleParticles/Smoke & Steam Effects
  artifactKey: Guid(a5105affb5d3055448de0ec9cde1dbd5) Importer(815301076,1909f56bfc062723c751e8b465ee728b)
Start importing Assets/SampleParticles/Smoke & Steam Effects using Guid(a5105affb5d3055448de0ec9cde1dbd5) Importer(815301076,1909f56bfc062723c751e8b465ee728b)  -> (artifact id: '1dd479f2a06d38cd6c58a88c473fe559') in 0.008626 seconds 
========================================================================
Received Import Request.
  Time since last request: 0.000344 seconds.
  path: Assets/SampleParticles/Smoke & Steam Effects/Prefabs/GroundFog.prefab
  artifactKey: Guid(1a365141225c22e49a7bb976869b22a8) Importer(815301076,1909f56bfc062723c751e8b465ee728b)
Start importing Assets/SampleParticles/Smoke & Steam Effects/Prefabs/GroundFog.prefab using Guid(1a365141225c22e49a7bb976869b22a8) Importer(815301076,1909f56bfc062723c751e8b465ee728b)  -> (artifact id: 'f979cc1f540ccff7352ca525f1de1e74') in 0.025548 seconds 
========================================================================
Received Import Request.
  Time since last request: 0.000396 seconds.
  path: Assets/SampleParticles/Smoke & Steam Effects/Prefabs/RocketTrail.prefab
  artifactKey: Guid(ef134ce1a2a98d94fb68c860d9c736c6) Importer(815301076,1909f56bfc062723c751e8b465ee728b)
Start importing Assets/SampleParticles/Smoke & Steam Effects/Prefabs/RocketTrail.prefab using Guid(ef134ce1a2a98d94fb68c860d9c736c6) Importer(815301076,1909f56bfc062723c751e8b465ee728b)  -> (artifact id: 'ac6d6ec970b15a691b240e96bac1eb49') in 0.038001 seconds 
========================================================================
Received Import Request.
  Time since last request: 0.000494 seconds.
  path: Assets/SampleParticles/Smoke & Steam Effects/Prefabs/DustStorm.prefab
  artifactKey: Guid(9e03786a9517b604d8e930182607a128) Importer(815301076,1909f56bfc062723c751e8b465ee728b)
Start importing Assets/SampleParticles/Smoke & Steam Effects/Prefabs/DustStorm.prefab using Guid(9e03786a9517b604d8e930182607a128) Importer(815301076,1909f56bfc062723c751e8b465ee728b)  -> (artifact id: '0bccc8f881a9385b7b16f29f3df632e5') in 1.555903 seconds 
========================================================================
Received Import Request.
  Time since last request: 0.000286 seconds.
  path: Assets/SampleParticles/Smoke & Steam Effects/Models
  artifactKey: Guid(cf5ea0c825a55694d90b663813c76c53) Importer(815301076,1909f56bfc062723c751e8b465ee728b)
Start importing Assets/SampleParticles/Smoke & Steam Effects/Models using Guid(cf5ea0c825a55694d90b663813c76c53) Importer(815301076,1909f56bfc062723c751e8b465ee728b)  -> (artifact id: 'f2c3d6310c4170877cc58fa2d82705a1') in 0.008417 seconds 
========================================================================
Received Import Request.
  Time since last request: 0.000335 seconds.
  path: Assets/SampleParticles/Smoke & Steam Effects/Materials/GroundFog.mat
  artifactKey: Guid(f96090edaea7c564c80586f4385918fd) Importer(815301076,1909f56bfc062723c751e8b465ee728b)
Start importing Assets/SampleParticles/Smoke & Steam Effects/Materials/GroundFog.mat using Guid(f96090edaea7c564c80586f4385918fd) Importer(815301076,1909f56bfc062723c751e8b465ee728b)  -> (artifact id: '4d37834f24568f15f129289850f05017') in 0.064130 seconds 
========================================================================
Received Import Request.
  Time since last request: 0.000489 seconds.
  path: Assets/SampleParticles/Smoke & Steam Effects/Prefabs/RisingSteam.prefab
  artifactKey: Guid(efe021d4c307b5449b8121d46791cf95) Importer(815301076,1909f56bfc062723c751e8b465ee728b)
Start importing Assets/SampleParticles/Smoke & Steam Effects/Prefabs/RisingSteam.prefab using Guid(efe021d4c307b5449b8121d46791cf95) Importer(815301076,1909f56bfc062723c751e8b465ee728b)  -> (artifact id: 'f5019e1116559adb855dd7c008bd0bbf') in 0.468401 seconds 
========================================================================
Received Import Request.
  Time since last request: 0.000444 seconds.
  path: Assets/SampleParticles/Smoke & Steam Effects/Prefabs/PressurisedSteam.prefab
  artifactKey: Guid(61bb62591466c3649bdf4905822d72f6) Importer(815301076,1909f56bfc062723c751e8b465ee728b)
Start importing Assets/SampleParticles/Smoke & Steam Effects/Prefabs/PressurisedSteam.prefab using Guid(61bb62591466c3649bdf4905822d72f6) Importer(815301076,1909f56bfc062723c751e8b465ee728b)  -> (artifact id: 'fb6eac1722cc42bf2c9a7f2c0eabc699') in 0.031148 seconds 
========================================================================
Received Import Request.
  Time since last request: 0.000548 seconds.
  path: Assets/SampleParticles/Smoke & Steam Effects/Prefabs/PoisonGas.prefab
  artifactKey: Guid(6f672a31584a6a748912a49c1dce2f0c) Importer(815301076,1909f56bfc062723c751e8b465ee728b)
Start importing Assets/SampleParticles/Smoke & Steam Effects/Prefabs/PoisonGas.prefab using Guid(6f672a31584a6a748912a49c1dce2f0c) Importer(815301076,1909f56bfc062723c751e8b465ee728b)  -> (artifact id: '0cae552d424c9797b31478468aacbcd1') in 3.449930 seconds 
AssetImportWorkerClient::OnTransportError - code=2 error=End of file
