Using pre-set license
Built from '2020.3/staging' branch; Version is '2020.3.32f1 (12f8b0834f07) revision 1243312'; Using compiler version '192528614'; Build Type 'Release'
OS: 'Windows 10  (10.0.19043) 64bit Professional' Language: 'en' Physical Memory: 32694 MB
BatchMode: 1, IsHumanControllingUs: 0, StartBugReporterOnCrash: 0, Is64bit: 1, IsPro: 0

COMMAND LINE ARGUMENTS:
C:\Program Files\Unity\Hub\Editor\2020.3.32f1\Editor\Unity.exe
-adb2
-batchMode
-noUpm
-name
AssetImportWorker0
-projectPath
D:/nicol/Documents/GitHub Folio/sol/UNITY/SOL_SAB
-logFile
Logs/AssetImportWorker0.log
-srvPort
60160
Successfully changed project path to: D:/nicol/Documents/GitHub Folio/sol/UNITY/SOL_SAB
D:/nicol/Documents/GitHub Folio/sol/UNITY/SOL_SAB
Using Asset Import Pipeline V2.
Refreshing native plugins compatible for Editor in 33.98 ms, found 5 plugins.
Preloading 0 native plugins for Editor in 0.00 ms.
Initialize engine version: 2020.3.32f1 (12f8b0834f07)
[Subsystems] Discovering subsystems at path C:/Program Files/Unity/Hub/Editor/2020.3.32f1/Editor/Data/Resources/UnitySubsystems
[Subsystems] Discovering subsystems at path D:/nicol/Documents/GitHub Folio/sol/UNITY/SOL_SAB/Assets
GfxDevice: creating device client; threaded=0
Direct3D:
    Version:  Direct3D 11.0 [level 11.1]
    Renderer: Radeon RX 570 Series (ID=0x67df)
    Vendor:   
    VRAM:     4075 MB
    Driver:   30.0.14029.1011
Initialize mono
Mono path[0] = 'C:/Program Files/Unity/Hub/Editor/2020.3.32f1/Editor/Data/Managed'
Mono path[1] = 'C:/Program Files/Unity/Hub/Editor/2020.3.32f1/Editor/Data/MonoBleedingEdge/lib/mono/unityjit'
Mono config path = 'C:/Program Files/Unity/Hub/Editor/2020.3.32f1/Editor/Data/MonoBleedingEdge/etc'
Using monoOptions --debugger-agent=transport=dt_socket,embedding=1,server=y,suspend=n,address=127.0.0.1:56240
Begin MonoManager ReloadAssembly
Registering precompiled unity dll's ...
Register platform support module: C:/Program Files/Unity/Hub/Editor/2020.3.32f1/Editor/Data/PlaybackEngines/WindowsStandaloneSupport/UnityEditor.WindowsStandalone.Extensions.dll
Registered in 0.001440 seconds.
Native extension for WindowsStandalone target not found
Refreshing native plugins compatible for Editor in 31.64 ms, found 5 plugins.
Preloading 0 native plugins for Editor in 0.00 ms.
Mono: successfully reloaded assembly
- Completed reload, in  0.400 seconds
Domain Reload Profiling:
	ReloadAssembly (400ms)
		BeginReloadAssembly (52ms)
			ExecutionOrderSort (0ms)
			DisableScriptedObjects (0ms)
			BackupInstance (0ms)
			ReleaseScriptingObjects (0ms)
			CreateAndSetChildDomain (1ms)
		EndReloadAssembly (300ms)
			LoadAssemblies (50ms)
			RebuildTransferFunctionScriptingTraits (0ms)
			SetupTypeCache (93ms)
			ReleaseScriptCaches (0ms)
			RebuildScriptCaches (19ms)
			SetupLoadedEditorAssemblies (119ms)
				LogAssemblyErrors (0ms)
				InitializePlatformSupportModulesInManaged (3ms)
				SetLoadedEditorAssemblies (0ms)
				RefreshPlugins (32ms)
				BeforeProcessingInitializeOnLoad (6ms)
				ProcessInitializeOnLoadAttributes (58ms)
				ProcessInitializeOnLoadMethodAttributes (20ms)
				AfterProcessingInitializeOnLoad (0ms)
				EditorAssembliesLoaded (0ms)
			ExecutionOrderSort2 (0ms)
			AwakeInstancesAfterBackupRestoration (0ms)
Platform modules already initialized, skipping
Registering precompiled user dll's ...
Registered in 0.002557 seconds.
Begin MonoManager ReloadAssembly
Native extension for WindowsStandalone target not found
Refreshing native plugins compatible for Editor in 0.53 ms, found 5 plugins.
Preloading 0 native plugins for Editor in 0.00 ms.
Mono: successfully reloaded assembly
- Completed reload, in  0.671 seconds
Domain Reload Profiling:
	ReloadAssembly (671ms)
		BeginReloadAssembly (103ms)
			ExecutionOrderSort (0ms)
			DisableScriptedObjects (3ms)
			BackupInstance (0ms)
			ReleaseScriptingObjects (0ms)
			CreateAndSetChildDomain (15ms)
		EndReloadAssembly (527ms)
			LoadAssemblies (72ms)
			RebuildTransferFunctionScriptingTraits (0ms)
			SetupTypeCache (168ms)
			ReleaseScriptCaches (0ms)
			RebuildScriptCaches (29ms)
			SetupLoadedEditorAssemblies (207ms)
				LogAssemblyErrors (0ms)
				InitializePlatformSupportModulesInManaged (3ms)
				SetLoadedEditorAssemblies (0ms)
				RefreshPlugins (1ms)
				BeforeProcessingInitializeOnLoad (41ms)
				ProcessInitializeOnLoadAttributes (151ms)
				ProcessInitializeOnLoadMethodAttributes (7ms)
				AfterProcessingInitializeOnLoad (5ms)
				EditorAssembliesLoaded (0ms)
			ExecutionOrderSort2 (0ms)
			AwakeInstancesAfterBackupRestoration (4ms)
Platform modules already initialized, skipping
========================================================================
Worker process is ready to serve import requests
Launched and connected shader compiler UnityShaderCompiler.exe after 0.03 seconds
Refreshing native plugins compatible for Editor in 0.53 ms, found 5 plugins.
Preloading 0 native plugins for Editor in 0.00 ms.
Unloading 1792 Unused Serialized files (Serialized files now loaded: 0)
System memory in use before: 172.3 MB.
System memory in use after: 144.2 MB.

Unloading 23 unused Assets to reduce memory usage. Loaded Objects now: 2250.
Total: 3.400800 ms (FindLiveObjects: 0.165900 ms CreateObjectMapping: 0.062200 ms MarkObjects: 3.105700 ms  DeleteObjects: 0.066400 ms)

AssetImportParameters requested are different than current active one (requested -> active):
  custom:framework-win-MediaFoundation: 216162199b28c13a410421893ffa2e32 -> 
  custom:video-decoder-ogg-theora: a1e56fd34408186e4bbccfd4996cb3dc -> 
  custom:container-muxer-webm: aa71ff27fc2769a1b78a27578f13a17b -> 
  custom:container-demuxer-webm: 4f35f7cbe854078d1ac9338744f61a02 -> 
  custom:container-demuxer-ogg: 62fdf1f143b41e24485cea50d1cbac27 -> 
  custom:video-encoder-webm-vp8: eb34c28f22e8b96e1ab97ce403110664 -> 
  custom:video-decoder-webm-vp8: 9c59270c3fd7afecdb556c50c9e8de78 -> 
  custom:audio-decoder-ogg-vorbis: bf7c407c2cedff20999df2af8eb42d56 -> 
  custom:audio-encoder-webm-vorbis: bf7c407c2cedff20999df2af8eb42d56 -> 
========================================================================
Received Import Request.
  path: Assets/SampleSceneAssets
  artifactKey: Guid(26680921b4178c748bd1bccd76f08841) Importer(815301076,1909f56bfc062723c751e8b465ee728b)
Start importing Assets/SampleSceneAssets using Guid(26680921b4178c748bd1bccd76f08841) Importer(815301076,1909f56bfc062723c751e8b465ee728b)  -> (artifact id: '9e852afd1b140db4b6c47ea01b890a6a') in 0.008348 seconds 
========================================================================
Received Import Request.
  Time since last request: 1.970093 seconds.
  path: Assets/SampleSceneAssets/Scripts
  artifactKey: Guid(2a83252fdaadd2f46a52ea056da1dc21) Importer(815301076,1909f56bfc062723c751e8b465ee728b)
Start importing Assets/SampleSceneAssets/Scripts using Guid(2a83252fdaadd2f46a52ea056da1dc21) Importer(815301076,1909f56bfc062723c751e8b465ee728b)  -> (artifact id: '38365253ecc4edeb339c77916fc8cb7d') in 0.005387 seconds 
========================================================================
Received Import Request.
  Time since last request: 0.904526 seconds.
  path: Assets/SampleSceneAssets/Scripts/SimpleCameraController.cs
  artifactKey: Guid(14e519c409be4a1428028347410f5677) Importer(815301076,1909f56bfc062723c751e8b465ee728b)
Start importing Assets/SampleSceneAssets/Scripts/SimpleCameraController.cs using Guid(14e519c409be4a1428028347410f5677) Importer(815301076,1909f56bfc062723c751e8b465ee728b)  -> (artifact id: 'cfa9029521f9c6084a46a7bd96d3c88d') in 0.025904 seconds 
========================================================================
Received Prepare
Registering precompiled user dll's ...
Registered in 0.002387 seconds.
Begin MonoManager ReloadAssembly
Native extension for WindowsStandalone target not found
Refreshing native plugins compatible for Editor in 0.58 ms, found 5 plugins.
Preloading 0 native plugins for Editor in 0.00 ms.
Mono: successfully reloaded assembly
- Completed reload, in  0.612 seconds
Domain Reload Profiling:
	ReloadAssembly (613ms)
		BeginReloadAssembly (87ms)
			ExecutionOrderSort (0ms)
			DisableScriptedObjects (3ms)
			BackupInstance (0ms)
			ReleaseScriptingObjects (0ms)
			CreateAndSetChildDomain (28ms)
		EndReloadAssembly (484ms)
			LoadAssemblies (66ms)
			RebuildTransferFunctionScriptingTraits (0ms)
			SetupTypeCache (161ms)
			ReleaseScriptCaches (1ms)
			RebuildScriptCaches (24ms)
			SetupLoadedEditorAssemblies (182ms)
				LogAssemblyErrors (0ms)
				InitializePlatformSupportModulesInManaged (3ms)
				SetLoadedEditorAssemblies (0ms)
				RefreshPlugins (1ms)
				BeforeProcessingInitializeOnLoad (36ms)
				ProcessInitializeOnLoadAttributes (131ms)
				ProcessInitializeOnLoadMethodAttributes (6ms)
				AfterProcessingInitializeOnLoad (5ms)
				EditorAssembliesLoaded (0ms)
			ExecutionOrderSort2 (0ms)
			AwakeInstancesAfterBackupRestoration (4ms)
Platform modules already initialized, skipping
Refreshing native plugins compatible for Editor in 0.54 ms, found 5 plugins.
Preloading 0 native plugins for Editor in 0.00 ms.
Unloading 1746 Unused Serialized files (Serialized files now loaded: 0)
System memory in use before: 168.3 MB.
System memory in use after: 168.4 MB.

Unloading 19 unused Assets to reduce memory usage. Loaded Objects now: 2252.
Total: 2.206000 ms (FindLiveObjects: 0.143400 ms CreateObjectMapping: 0.042800 ms MarkObjects: 1.998400 ms  DeleteObjects: 0.020600 ms)

AssetImportParameters requested are different than current active one (requested -> active):
  custom:framework-win-MediaFoundation: 216162199b28c13a410421893ffa2e32 -> 
  custom:video-decoder-ogg-theora: a1e56fd34408186e4bbccfd4996cb3dc -> 
  custom:container-muxer-webm: aa71ff27fc2769a1b78a27578f13a17b -> 
  custom:container-demuxer-webm: 4f35f7cbe854078d1ac9338744f61a02 -> 
  custom:container-demuxer-ogg: 62fdf1f143b41e24485cea50d1cbac27 -> 
  custom:video-encoder-webm-vp8: eb34c28f22e8b96e1ab97ce403110664 -> 
  custom:video-decoder-webm-vp8: 9c59270c3fd7afecdb556c50c9e8de78 -> 
  custom:audio-decoder-ogg-vorbis: bf7c407c2cedff20999df2af8eb42d56 -> 
  custom:audio-encoder-webm-vorbis: bf7c407c2cedff20999df2af8eb42d56 -> 
========================================================================
Received Import Request.
  Time since last request: 454.636220 seconds.
  path: Assets/Meshes/animated_meshes
  artifactKey: Guid(90dab66d814e6ba4ab30e3f23da40c02) Importer(815301076,1909f56bfc062723c751e8b465ee728b)
Start importing Assets/Meshes/animated_meshes using Guid(90dab66d814e6ba4ab30e3f23da40c02) Importer(815301076,1909f56bfc062723c751e8b465ee728b)  -> (artifact id: '77ef845f9bbf3c87482fcbcb4bea9d5f') in 0.010016 seconds 
========================================================================
Received Import Request.
  Time since last request: 0.043679 seconds.
  path: Assets/Meshes/animated_meshes/leda_SA06.fbx
  artifactKey: Guid(20f32e7ffe55f934a9a335b0e7876f0f) Importer(815301076,1909f56bfc062723c751e8b465ee728b)
Start importing Assets/Meshes/animated_meshes/leda_SA06.fbx using Guid(20f32e7ffe55f934a9a335b0e7876f0f) Importer(815301076,1909f56bfc062723c751e8b465ee728b)  -> (artifact id: '90655719b3d324a276dda492ecc2968c') in 0.286895 seconds 
========================================================================
Received Import Request.
  Time since last request: 0.000134 seconds.
  path: Assets/Meshes/animated_meshes/leda_SB03_updated.fbx
  artifactKey: Guid(9071160c09214dd43a32d18670e123a0) Importer(815301076,1909f56bfc062723c751e8b465ee728b)
Start importing Assets/Meshes/animated_meshes/leda_SB03_updated.fbx using Guid(9071160c09214dd43a32d18670e123a0) Importer(815301076,1909f56bfc062723c751e8b465ee728b)  -> (artifact id: 'c8f9cd3334345f0c299f33c1f78f134e') in 0.089695 seconds 
========================================================================
Received Import Request.
  Time since last request: 0.000118 seconds.
  path: Assets/Meshes/animated_meshes/lux_arm_SA08.fbx
  artifactKey: Guid(9b4d9749a1450c244b37d8885dfae568) Importer(815301076,1909f56bfc062723c751e8b465ee728b)
Start importing Assets/Meshes/animated_meshes/lux_arm_SA08.fbx using Guid(9b4d9749a1450c244b37d8885dfae568) Importer(815301076,1909f56bfc062723c751e8b465ee728b)  -> (artifact id: '06513f2b6d8063cb7342696360471bd1') in 0.209864 seconds 
========================================================================
Received Import Request.
  Time since last request: 0.000122 seconds.
  path: Assets/Meshes/animated_meshes/train_door_open_close.fbx
  artifactKey: Guid(95d677cca695f7c45a8c9cd5cdc4841e) Importer(815301076,1909f56bfc062723c751e8b465ee728b)
Start importing Assets/Meshes/animated_meshes/train_door_open_close.fbx using Guid(95d677cca695f7c45a8c9cd5cdc4841e) Importer(815301076,1909f56bfc062723c751e8b465ee728b)  -> (artifact id: 'cdc28970bcb952c6ab73281f91d7324d') in 0.037447 seconds 
========================================================================
Received Import Request.
  Time since last request: 0.000156 seconds.
  path: Assets/Meshes/animated_meshes/SA_13-16.fbx
  artifactKey: Guid(56a423fd58c966a418d8da1536c3e382) Importer(815301076,1909f56bfc062723c751e8b465ee728b)
Start importing Assets/Meshes/animated_meshes/SA_13-16.fbx using Guid(56a423fd58c966a418d8da1536c3e382) Importer(815301076,1909f56bfc062723c751e8b465ee728b)  -> (artifact id: '606e203c4be96baaffdfaa86d69ec308') in 0.499935 seconds 
========================================================================
Received Import Request.
  Time since last request: 0.000131 seconds.
  path: Assets/Meshes/animated_meshes/train_sceneA_anim.fbx
  artifactKey: Guid(de7273318ec910d4fb74fc07c1dfca96) Importer(815301076,1909f56bfc062723c751e8b465ee728b)
Start importing Assets/Meshes/animated_meshes/train_sceneA_anim.fbx using Guid(de7273318ec910d4fb74fc07c1dfca96) Importer(815301076,1909f56bfc062723c751e8b465ee728b)  -> (artifact id: '9eeca6569268129be87c333f5fd61479') in 1.040948 seconds 
========================================================================
Received Import Request.
  Time since last request: 0.000147 seconds.
  path: Assets/Meshes/animated_meshes/leda_SB05_updated.fbx
  artifactKey: Guid(aa0ca3a771653484c872361622f42dd9) Importer(815301076,1909f56bfc062723c751e8b465ee728b)
Start importing Assets/Meshes/animated_meshes/leda_SB05_updated.fbx using Guid(aa0ca3a771653484c872361622f42dd9) Importer(815301076,1909f56bfc062723c751e8b465ee728b)  -> (artifact id: '1f241bcb2e7e3dd9e7004d0348ed6bd0') in 0.075510 seconds 
========================================================================
Received Import Request.
  Time since last request: 0.000121 seconds.
  path: Assets/Meshes/animated_meshes/leda_SA07_updated.fbx
  artifactKey: Guid(44dcc63d8d0e17242b5434e3a76a69c3) Importer(815301076,1909f56bfc062723c751e8b465ee728b)
Start importing Assets/Meshes/animated_meshes/leda_SA07_updated.fbx using Guid(44dcc63d8d0e17242b5434e3a76a69c3) Importer(815301076,1909f56bfc062723c751e8b465ee728b)  -> (artifact id: '951e9ed673e3e26f586f951b3fe22a31') in 0.075038 seconds 
========================================================================
Received Import Request.
  Time since last request: 0.000133 seconds.
  path: Assets/Meshes/animated_meshes/leda_SA08.fbx
  artifactKey: Guid(1fa5a68a3fca9464c899fa42b73bbfd5) Importer(815301076,1909f56bfc062723c751e8b465ee728b)
Start importing Assets/Meshes/animated_meshes/leda_SA08.fbx using Guid(1fa5a68a3fca9464c899fa42b73bbfd5) Importer(815301076,1909f56bfc062723c751e8b465ee728b)  -> (artifact id: 'ca32bfbe794da90d4f20f39edd1c911a') in 0.071741 seconds 
========================================================================
Received Import Request.
  Time since last request: 0.000145 seconds.
  path: Assets/Meshes/animated_meshes/leda_walkcycle 1.fbx
  artifactKey: Guid(45266cdd29cc3404c91eba8fb8c9f3c3) Importer(815301076,1909f56bfc062723c751e8b465ee728b)
Start importing Assets/Meshes/animated_meshes/leda_walkcycle 1.fbx using Guid(45266cdd29cc3404c91eba8fb8c9f3c3) Importer(815301076,1909f56bfc062723c751e8b465ee728b)  -> (artifact id: '165544102a3f5d3f96bed53e28884f6c') in 0.073192 seconds 
========================================================================
Received Import Request.
  Time since last request: 0.000133 seconds.
  path: Assets/Meshes/animated_meshes/SA_04_passengers.fbx
  artifactKey: Guid(f900c4f3f69ca6d4d94383d60c35d591) Importer(815301076,1909f56bfc062723c751e8b465ee728b)
Start importing Assets/Meshes/animated_meshes/SA_04_passengers.fbx using Guid(f900c4f3f69ca6d4d94383d60c35d591) Importer(815301076,1909f56bfc062723c751e8b465ee728b)  -> (artifact id: '8693a84303146c7df2234e3be752607e') in 0.170736 seconds 
========================================================================
Received Import Request.
  Time since last request: 0.000116 seconds.
  path: Assets/Meshes/animated_meshes/lux_step_test.fbx
  artifactKey: Guid(ca3bc01f6cbd8404ebb01846411303b0) Importer(815301076,1909f56bfc062723c751e8b465ee728b)
Start importing Assets/Meshes/animated_meshes/lux_step_test.fbx using Guid(ca3bc01f6cbd8404ebb01846411303b0) Importer(815301076,1909f56bfc062723c751e8b465ee728b)  -> (artifact id: '51db4b50632c74fbc62e7d01ca9bfd94') in 0.151645 seconds 
========================================================================
Received Import Request.
  Time since last request: 0.000140 seconds.
  path: Assets/Meshes/animated_meshes/sceneA_train.fbx
  artifactKey: Guid(8f7c2349741ad2049a92874601d15acf) Importer(815301076,1909f56bfc062723c751e8b465ee728b)
Start importing Assets/Meshes/animated_meshes/sceneA_train.fbx using Guid(8f7c2349741ad2049a92874601d15acf) Importer(815301076,1909f56bfc062723c751e8b465ee728b)  -> (artifact id: '1126065feadfd9ba47ddab9ccd914b35') in 1.271705 seconds 
========================================================================
Received Import Request.
  Time since last request: 1.940318 seconds.
  path: Assets/Meshes/animated_meshes/Leda_SB05.fbx
  artifactKey: Guid(e4ca401d11bfa3042a70b35a7ffdb571) Importer(815301076,1909f56bfc062723c751e8b465ee728b)
Start importing Assets/Meshes/animated_meshes/Leda_SB05.fbx using Guid(e4ca401d11bfa3042a70b35a7ffdb571) Importer(815301076,1909f56bfc062723c751e8b465ee728b)  -> (artifact id: '5e7402919a2be6f8745123e1a0fca87e') in 0.097326 seconds 
========================================================================
Received Import Request.
  Time since last request: 0.000144 seconds.
  path: Assets/Meshes/animated_meshes/new_sceneBwakingSitUp.fbx
  artifactKey: Guid(3213d2949fdd3894ab1cf81927e5567a) Importer(815301076,1909f56bfc062723c751e8b465ee728b)
Start importing Assets/Meshes/animated_meshes/new_sceneBwakingSitUp.fbx using Guid(3213d2949fdd3894ab1cf81927e5567a) Importer(815301076,1909f56bfc062723c751e8b465ee728b)  -> (artifact id: '18f176ddce01aad176b93cb2441264dc') in 0.133671 seconds 
========================================================================
Received Import Request.
  Time since last request: 0.000128 seconds.
  path: Assets/Meshes/animated_meshes/Lux_SB04_06.fbx
  artifactKey: Guid(2a7dca520d82fcf4d96b230fa56df5aa) Importer(815301076,1909f56bfc062723c751e8b465ee728b)
Start importing Assets/Meshes/animated_meshes/Lux_SB04_06.fbx using Guid(2a7dca520d82fcf4d96b230fa56df5aa) Importer(815301076,1909f56bfc062723c751e8b465ee728b)  -> (artifact id: '8c0132603d9ab21ec16e4c0115544fb0') in 0.191715 seconds 
========================================================================
Received Import Request.
  Time since last request: 0.000138 seconds.
  path: Assets/Meshes/animated_meshes/lux_sceneA_anim.fbx
  artifactKey: Guid(7a663cb2d069be24da5f1c2cfd873b2d) Importer(815301076,1909f56bfc062723c751e8b465ee728b)
Start importing Assets/Meshes/animated_meshes/lux_sceneA_anim.fbx using Guid(7a663cb2d069be24da5f1c2cfd873b2d) Importer(815301076,1909f56bfc062723c751e8b465ee728b)  -> (artifact id: '2c3f7b1f35eeff1470f6f36bbce804a9') in 0.153081 seconds 
========================================================================
Received Import Request.
  Time since last request: 0.000131 seconds.
  path: Assets/Meshes/animated_meshes/leda_step.fbx
  artifactKey: Guid(3c7e66fb98ca02e4a94189e9d4693dc1) Importer(815301076,1909f56bfc062723c751e8b465ee728b)
Start importing Assets/Meshes/animated_meshes/leda_step.fbx using Guid(3c7e66fb98ca02e4a94189e9d4693dc1) Importer(815301076,1909f56bfc062723c751e8b465ee728b)  -> (artifact id: '63595a864aadc0cf28221b48cb94bd47') in 0.119789 seconds 
========================================================================
Received Import Request.
  Time since last request: 0.000122 seconds.
  path: Assets/Meshes/animated_meshes/Lux_SB09.fbx
  artifactKey: Guid(1c552b4a23b969e4dbd7bd9ccb8c3f36) Importer(815301076,1909f56bfc062723c751e8b465ee728b)
Start importing Assets/Meshes/animated_meshes/Lux_SB09.fbx using Guid(1c552b4a23b969e4dbd7bd9ccb8c3f36) Importer(815301076,1909f56bfc062723c751e8b465ee728b)  -> (artifact id: '7e0334de4e0d31ce3e075557cfc9b06e') in 0.223527 seconds 
========================================================================
Received Import Request.
  Time since last request: 39.346179 seconds.
  path: Assets/Meshes/animated_meshes/new_sceneBwakingSitUp.fbx
  artifactKey: Guid(3213d2949fdd3894ab1cf81927e5567a) Importer(815301076,1909f56bfc062723c751e8b465ee728b)
Start importing Assets/Meshes/animated_meshes/new_sceneBwakingSitUp.fbx using Guid(3213d2949fdd3894ab1cf81927e5567a) Importer(815301076,1909f56bfc062723c751e8b465ee728b)  -> (artifact id: 'd60b1c1dfa9b865aab97bfacb3551426') in 0.132340 seconds 
========================================================================
Received Import Request.
  Time since last request: 6.333378 seconds.
  path: Assets/Meshes/animated_meshes/new_sceneBwakingSitUp.fbx
  artifactKey: Guid(3213d2949fdd3894ab1cf81927e5567a) Importer(815301076,1909f56bfc062723c751e8b465ee728b)
Start importing Assets/Meshes/animated_meshes/new_sceneBwakingSitUp.fbx using Guid(3213d2949fdd3894ab1cf81927e5567a) Importer(815301076,1909f56bfc062723c751e8b465ee728b)  -> (artifact id: '7a3194ecfec86e8b7da6f0b93b1b6fb0') in 0.130728 seconds 
========================================================================
Received Import Request.
  Time since last request: 291.347002 seconds.
  path: Assets/Materials/characters/cas/braceletcas_MAT.mat
  artifactKey: Guid(134f2e5346ab04643b540141f0ea16b4) Importer(815301076,1909f56bfc062723c751e8b465ee728b)
Start importing Assets/Materials/characters/cas/braceletcas_MAT.mat using Guid(134f2e5346ab04643b540141f0ea16b4) Importer(815301076,1909f56bfc062723c751e8b465ee728b)  -> (artifact id: '1fb28e6a8f59005962ba4716f4d0976b') in 0.289610 seconds 
========================================================================
Received Import Request.
  Time since last request: 0.000119 seconds.
  path: Assets/Materials/characters/cas/caseyes_MAT.mat
  artifactKey: Guid(871b12ecf0d97164d8ee725563182054) Importer(815301076,1909f56bfc062723c751e8b465ee728b)
Start importing Assets/Materials/characters/cas/caseyes_MAT.mat using Guid(871b12ecf0d97164d8ee725563182054) Importer(815301076,1909f56bfc062723c751e8b465ee728b)  -> (artifact id: '6909f5863b19be24bb5b1e472e87f337') in 0.134398 seconds 
========================================================================
Received Import Request.
  Time since last request: 0.000128 seconds.
  path: Assets/Materials/characters/cas/cashair_MAT.mat
  artifactKey: Guid(5a323076a5d0536478d36f831563eb47) Importer(815301076,1909f56bfc062723c751e8b465ee728b)
Start importing Assets/Materials/characters/cas/cashair_MAT.mat using Guid(5a323076a5d0536478d36f831563eb47) Importer(815301076,1909f56bfc062723c751e8b465ee728b)  -> (artifact id: '01c6689dfc94af476ae6c3a16e18fd35') in 0.100584 seconds 
========================================================================
Received Import Request.
  Time since last request: 0.000104 seconds.
  path: Assets/Materials/characters/cas/cas_clothes_MAT.mat
  artifactKey: Guid(e765d427844873c4eb9e3cdaa81b4860) Importer(815301076,1909f56bfc062723c751e8b465ee728b)
Start importing Assets/Materials/characters/cas/cas_clothes_MAT.mat using Guid(e765d427844873c4eb9e3cdaa81b4860) Importer(815301076,1909f56bfc062723c751e8b465ee728b)  -> (artifact id: 'a2f20a1865e5249810ed45bfab0055c8') in 0.140124 seconds 
========================================================================
Received Import Request.
  Time since last request: 4.318682 seconds.
  path: Assets/Meshes/_superseded/lux_SA08.fbx
  artifactKey: Guid(34388436154d47944804b949e07b467e) Importer(815301076,1909f56bfc062723c751e8b465ee728b)
Start importing Assets/Meshes/_superseded/lux_SA08.fbx using Guid(34388436154d47944804b949e07b467e) Importer(815301076,1909f56bfc062723c751e8b465ee728b)  -> (artifact id: '61269dd15dbf4a5f7e2bf237a85f51f8') in 0.356286 seconds 
========================================================================
Received Import Request.
  Time since last request: 0.000119 seconds.
  path: Assets/Materials/characters/cas/sashcas_MAT.mat
  artifactKey: Guid(b199c967db0f41e41ae307e6f7762d28) Importer(815301076,1909f56bfc062723c751e8b465ee728b)
Start importing Assets/Materials/characters/cas/sashcas_MAT.mat using Guid(b199c967db0f41e41ae307e6f7762d28) Importer(815301076,1909f56bfc062723c751e8b465ee728b)  -> (artifact id: 'acd08ae3b20d2e98fc53b636a9b297a5') in 0.124160 seconds 
========================================================================
Received Import Request.
  Time since last request: 0.000118 seconds.
  path: Assets/Materials/characters/cas/scarfcas_MAT.mat
  artifactKey: Guid(f81d4a0db5d8fab4ebeab7732ffa8fd2) Importer(815301076,1909f56bfc062723c751e8b465ee728b)
Start importing Assets/Materials/characters/cas/scarfcas_MAT.mat using Guid(f81d4a0db5d8fab4ebeab7732ffa8fd2) Importer(815301076,1909f56bfc062723c751e8b465ee728b)  -> (artifact id: 'a332f28bb077dbf70cc7b2075792d047') in 0.094652 seconds 
========================================================================
Received Import Request.
  Time since last request: 0.000125 seconds.
  path: Assets/Meshes/_superseded/leda_lux_SA08.fbx
  artifactKey: Guid(fc5bea7e9906926499fc2980dc98d897) Importer(815301076,1909f56bfc062723c751e8b465ee728b)
Start importing Assets/Meshes/_superseded/leda_lux_SA08.fbx using Guid(fc5bea7e9906926499fc2980dc98d897) Importer(815301076,1909f56bfc062723c751e8b465ee728b)  -> (artifact id: '578a36c2513a8ad5eea2330e86dcc907') in 0.198837 seconds 
========================================================================
Received Import Request.
  Time since last request: 0.000145 seconds.
  path: Assets/Materials/characters/cas/crowncas_MAT.mat
  artifactKey: Guid(b229af0a4414f404c9ef432edf036f32) Importer(815301076,1909f56bfc062723c751e8b465ee728b)
Start importing Assets/Materials/characters/cas/crowncas_MAT.mat using Guid(b229af0a4414f404c9ef432edf036f32) Importer(815301076,1909f56bfc062723c751e8b465ee728b)  -> (artifact id: '2472566a872af1c915ff56f1825b4221') in 0.292298 seconds 
========================================================================
Received Import Request.
  Time since last request: 0.000099 seconds.
  path: Assets/Materials/characters/cas/sandalcas_MAT.mat
  artifactKey: Guid(0e5ffc5af1d096f40b3046ea27e07c10) Importer(815301076,1909f56bfc062723c751e8b465ee728b)
Start importing Assets/Materials/characters/cas/sandalcas_MAT.mat using Guid(0e5ffc5af1d096f40b3046ea27e07c10) Importer(815301076,1909f56bfc062723c751e8b465ee728b)  -> (artifact id: 'c046b0102851b2a438cb9bc16003ab36') in 0.156228 seconds 
========================================================================
Received Import Request.
  Time since last request: 0.000137 seconds.
  path: Assets/Meshes/_superseded/SA08_ticket.fbx
  artifactKey: Guid(ecad462e6d73a3d4d80bd13890ae69c8) Importer(815301076,1909f56bfc062723c751e8b465ee728b)
Start importing Assets/Meshes/_superseded/SA08_ticket.fbx using Guid(ecad462e6d73a3d4d80bd13890ae69c8) Importer(815301076,1909f56bfc062723c751e8b465ee728b)  -> (artifact id: '3391932c4ba9dfc0a199442cfef0a788') in 0.369393 seconds 
========================================================================
Received Import Request.
  Time since last request: 23.041865 seconds.
  path: Assets/Meshes/_superseded/Leda_SB03.fbx
  artifactKey: Guid(366ddb67714300d4f9bbc4f209c223c9) Importer(815301076,1909f56bfc062723c751e8b465ee728b)
Start importing Assets/Meshes/_superseded/Leda_SB03.fbx using Guid(366ddb67714300d4f9bbc4f209c223c9) Importer(815301076,1909f56bfc062723c751e8b465ee728b)  -> (artifact id: '566c136dfeab7a36fa84e3f6dd00a34b') in 0.134913 seconds 
========================================================================
Received Import Request.
  Time since last request: 0.000113 seconds.
  path: Assets/Meshes/_superseded/leda_walkcycle.fbx
  artifactKey: Guid(065267b4baae89642b3ce4b7b59afc26) Importer(815301076,1909f56bfc062723c751e8b465ee728b)
Start importing Assets/Meshes/_superseded/leda_walkcycle.fbx using Guid(065267b4baae89642b3ce4b7b59afc26) Importer(815301076,1909f56bfc062723c751e8b465ee728b)  -> (artifact id: 'db0d3c4d5a86e7f35a5d9b2ecf5d4f28') in 0.072678 seconds 
========================================================================
Received Import Request.
  Time since last request: 7.187235 seconds.
  path: Assets/Materials/characters/lux/luxclothes_MAT.mat
  artifactKey: Guid(cd4ade0a80a17d945b5e0674ae97cc81) Importer(815301076,1909f56bfc062723c751e8b465ee728b)
Start importing Assets/Materials/characters/lux/luxclothes_MAT.mat using Guid(cd4ade0a80a17d945b5e0674ae97cc81) Importer(815301076,1909f56bfc062723c751e8b465ee728b)  -> (artifact id: '1192344f98b7ee5b8515ed15549c0172') in 0.022533 seconds 
========================================================================
Received Import Request.
  Time since last request: 22.874368 seconds.
  path: Assets/Materials/characters/lux/bracelet_MAT.mat
  artifactKey: Guid(eab5efaf3477445449e4aa780fa0345a) Importer(815301076,1909f56bfc062723c751e8b465ee728b)
Start importing Assets/Materials/characters/lux/bracelet_MAT.mat using Guid(eab5efaf3477445449e4aa780fa0345a) Importer(815301076,1909f56bfc062723c751e8b465ee728b)  -> (artifact id: '323d5154badfc683487164b0cf567100') in 0.028728 seconds 
========================================================================
Received Import Request.
  Time since last request: 0.000090 seconds.
  path: Assets/Materials/characters/lux/eye_MAT.mat
  artifactKey: Guid(527e686d66268ec468d860918b5caa60) Importer(815301076,1909f56bfc062723c751e8b465ee728b)
Start importing Assets/Materials/characters/lux/eye_MAT.mat using Guid(527e686d66268ec468d860918b5caa60) Importer(815301076,1909f56bfc062723c751e8b465ee728b)  -> (artifact id: '7d04d1c48927ec0b41a66a8ab5a8b299') in 0.017118 seconds 
========================================================================
Received Import Request.
  Time since last request: 0.000126 seconds.
  path: Assets/Materials/characters/lux/scarf_MAT.mat
  artifactKey: Guid(40ed952ec9314b747b446fd914196323) Importer(815301076,1909f56bfc062723c751e8b465ee728b)
Start importing Assets/Materials/characters/lux/scarf_MAT.mat using Guid(40ed952ec9314b747b446fd914196323) Importer(815301076,1909f56bfc062723c751e8b465ee728b)  -> (artifact id: '566d1d4c57caed13fcbd1c337bc0acf3') in 0.016879 seconds 
========================================================================
Received Import Request.
  Time since last request: 0.000153 seconds.
  path: Assets/Materials/characters/lux/skin_MAT.mat
  artifactKey: Guid(7cb4a98c33e24cd47bb4cd4ea1dcbb65) Importer(815301076,1909f56bfc062723c751e8b465ee728b)
Start importing Assets/Materials/characters/lux/skin_MAT.mat using Guid(7cb4a98c33e24cd47bb4cd4ea1dcbb65) Importer(815301076,1909f56bfc062723c751e8b465ee728b)  -> (artifact id: '3c7ec6ef11b6227270fb4cbd49438666') in 0.017304 seconds 
========================================================================
Received Import Request.
  Time since last request: 0.000121 seconds.
  path: Assets/Materials/characters/lux/scalp_MAT.mat
  artifactKey: Guid(d1c46d77dac77ef4d9d641675b6b7713) Importer(815301076,1909f56bfc062723c751e8b465ee728b)
Start importing Assets/Materials/characters/lux/scalp_MAT.mat using Guid(d1c46d77dac77ef4d9d641675b6b7713) Importer(815301076,1909f56bfc062723c751e8b465ee728b)  -> (artifact id: 'c3607686e61b74281f70afcb69bab736') in 0.016006 seconds 
========================================================================
Received Import Request.
  Time since last request: 0.000108 seconds.
  path: Assets/Materials/characters/lux/hair_MAT.mat
  artifactKey: Guid(93c0770219217fc48bc0528211273d1c) Importer(815301076,1909f56bfc062723c751e8b465ee728b)
Start importing Assets/Materials/characters/lux/hair_MAT.mat using Guid(93c0770219217fc48bc0528211273d1c) Importer(815301076,1909f56bfc062723c751e8b465ee728b)  -> (artifact id: '1605288d46b60695722c0e3571841bec') in 0.016126 seconds 
========================================================================
Received Import Request.
  Time since last request: 0.000110 seconds.
  path: Assets/Materials/characters/lux/sandal_MAT.mat
  artifactKey: Guid(423faf143b8705a499e7314e57f5d88a) Importer(815301076,1909f56bfc062723c751e8b465ee728b)
Start importing Assets/Materials/characters/lux/sandal_MAT.mat using Guid(423faf143b8705a499e7314e57f5d88a) Importer(815301076,1909f56bfc062723c751e8b465ee728b)  -> (artifact id: '40d42270ea00ae135f3629cadb1195ee') in 0.015708 seconds 
========================================================================
Received Import Request.
  Time since last request: 0.000147 seconds.
  path: Assets/Materials/characters/lux/sash_MAT.mat
  artifactKey: Guid(71cf7e39290dc464d9b0650f8fce94ae) Importer(815301076,1909f56bfc062723c751e8b465ee728b)
Start importing Assets/Materials/characters/lux/sash_MAT.mat using Guid(71cf7e39290dc464d9b0650f8fce94ae) Importer(815301076,1909f56bfc062723c751e8b465ee728b)  -> (artifact id: '087f487ab259eced29062615282f721e') in 0.017711 seconds 
========================================================================
Received Import Request.
  Time since last request: 0.000114 seconds.
  path: Assets/Materials/characters/lux/crown_MAT.mat
  artifactKey: Guid(550078654efea0f49adf7c24d87cbfc6) Importer(815301076,1909f56bfc062723c751e8b465ee728b)
Start importing Assets/Materials/characters/lux/crown_MAT.mat using Guid(550078654efea0f49adf7c24d87cbfc6) Importer(815301076,1909f56bfc062723c751e8b465ee728b)  -> (artifact id: '5075fd9e0fc9299f3fdff03bbc497003') in 0.016994 seconds 
========================================================================
Received Import Request.
  Time since last request: 0.000101 seconds.
  path: Assets/Materials/characters/lux/brow_MAT.mat
  artifactKey: Guid(d53ad1465d0121c4b80a788f82527ac7) Importer(815301076,1909f56bfc062723c751e8b465ee728b)
Start importing Assets/Materials/characters/lux/brow_MAT.mat using Guid(d53ad1465d0121c4b80a788f82527ac7) Importer(815301076,1909f56bfc062723c751e8b465ee728b)  -> (artifact id: 'f4cf4a048f77b097d9eb5273542daf9c') in 0.015350 seconds 
========================================================================
Received Import Request.
  Time since last request: 78.243458 seconds.
  path: Assets/Meshes/animated_meshes/new_sceneBwakingSitUp.fbx
  artifactKey: Guid(3213d2949fdd3894ab1cf81927e5567a) Importer(815301076,1909f56bfc062723c751e8b465ee728b)
Start importing Assets/Meshes/animated_meshes/new_sceneBwakingSitUp.fbx using Guid(3213d2949fdd3894ab1cf81927e5567a) Importer(815301076,1909f56bfc062723c751e8b465ee728b)  -> (artifact id: '7b67366ebaeeff0faaf56d548c53b4b8') in 0.190203 seconds 
========================================================================
Received Import Request.
  Time since last request: 1292.704487 seconds.
  path: Assets/Meshes/animated_meshes/new_sceneBwakingSitUp.fbx
  artifactKey: Guid(3213d2949fdd3894ab1cf81927e5567a) Importer(815301076,1909f56bfc062723c751e8b465ee728b)
Start importing Assets/Meshes/animated_meshes/new_sceneBwakingSitUp.fbx using Guid(3213d2949fdd3894ab1cf81927e5567a) Importer(815301076,1909f56bfc062723c751e8b465ee728b)  -> (artifact id: 'a9c62239393fc6e0bdd07f8895983e95') in 0.178891 seconds 
========================================================================
Received Import Request.
  Time since last request: 62.730015 seconds.
  path: Assets/Meshes/animated_meshes/new_sceneBwakingSitUp.fbx
  artifactKey: Guid(3213d2949fdd3894ab1cf81927e5567a) Importer(815301076,1909f56bfc062723c751e8b465ee728b)
Start importing Assets/Meshes/animated_meshes/new_sceneBwakingSitUp.fbx using Guid(3213d2949fdd3894ab1cf81927e5567a) Importer(815301076,1909f56bfc062723c751e8b465ee728b)  -> (artifact id: '36060e9bb24b4bb767c1cc051cf0add9') in 0.184038 seconds 
========================================================================
Received Import Request.
  Time since last request: 1215.496060 seconds.
  path: Assets/Meshes/animated_meshes/new_sceneBwakingSitUp.fbx
  artifactKey: Guid(3213d2949fdd3894ab1cf81927e5567a) Importer(815301076,1909f56bfc062723c751e8b465ee728b)
Start importing Assets/Meshes/animated_meshes/new_sceneBwakingSitUp.fbx using Guid(3213d2949fdd3894ab1cf81927e5567a) Importer(815301076,1909f56bfc062723c751e8b465ee728b)  -> (artifact id: 'd7ebd3c27096940959c738f3690a704a') in 0.185084 seconds 
========================================================================
Received Import Request.
  Time since last request: 1323.556873 seconds.
  path: Assets/Meshes/animated_meshes/new_sceneBwakingSitUp.fbx
  artifactKey: Guid(3213d2949fdd3894ab1cf81927e5567a) Importer(815301076,1909f56bfc062723c751e8b465ee728b)
Start importing Assets/Meshes/animated_meshes/new_sceneBwakingSitUp.fbx using Guid(3213d2949fdd3894ab1cf81927e5567a) Importer(815301076,1909f56bfc062723c751e8b465ee728b)  -> (artifact id: 'd58a6db62edb6ff5822064b0f3b8fbca') in 0.184225 seconds 
========================================================================
Received Prepare
Registering precompiled user dll's ...
Registered in 0.002556 seconds.
Begin MonoManager ReloadAssembly
Native extension for WindowsStandalone target not found
Refreshing native plugins compatible for Editor in 0.54 ms, found 5 plugins.
Preloading 0 native plugins for Editor in 0.00 ms.
Mono: successfully reloaded assembly
- Completed reload, in  0.629 seconds
Domain Reload Profiling:
	ReloadAssembly (629ms)
		BeginReloadAssembly (85ms)
			ExecutionOrderSort (0ms)
			DisableScriptedObjects (4ms)
			BackupInstance (0ms)
			ReleaseScriptingObjects (0ms)
			CreateAndSetChildDomain (26ms)
		EndReloadAssembly (505ms)
			LoadAssemblies (65ms)
			RebuildTransferFunctionScriptingTraits (0ms)
			SetupTypeCache (165ms)
			ReleaseScriptCaches (1ms)
			RebuildScriptCaches (25ms)
			SetupLoadedEditorAssemblies (187ms)
				LogAssemblyErrors (0ms)
				InitializePlatformSupportModulesInManaged (3ms)
				SetLoadedEditorAssemblies (0ms)
				RefreshPlugins (1ms)
				BeforeProcessingInitializeOnLoad (38ms)
				ProcessInitializeOnLoadAttributes (134ms)
				ProcessInitializeOnLoadMethodAttributes (6ms)
				AfterProcessingInitializeOnLoad (5ms)
				EditorAssembliesLoaded (0ms)
			ExecutionOrderSort2 (0ms)
			AwakeInstancesAfterBackupRestoration (5ms)
Platform modules already initialized, skipping
Refreshing native plugins compatible for Editor in 0.55 ms, found 5 plugins.
Preloading 0 native plugins for Editor in 0.00 ms.
Unloading 1746 Unused Serialized files (Serialized files now loaded: 0)
System memory in use before: 189.9 MB.
System memory in use after: 190.0 MB.

Unloading 18 unused Assets to reduce memory usage. Loaded Objects now: 2299.
Total: 2.399600 ms (FindLiveObjects: 0.160600 ms CreateObjectMapping: 0.053800 ms MarkObjects: 2.166800 ms  DeleteObjects: 0.017900 ms)

AssetImportParameters requested are different than current active one (requested -> active):
  custom:framework-win-MediaFoundation: 216162199b28c13a410421893ffa2e32 -> 
  custom:video-decoder-ogg-theora: a1e56fd34408186e4bbccfd4996cb3dc -> 
  custom:container-muxer-webm: aa71ff27fc2769a1b78a27578f13a17b -> 
  custom:container-demuxer-webm: 4f35f7cbe854078d1ac9338744f61a02 -> 
  custom:container-demuxer-ogg: 62fdf1f143b41e24485cea50d1cbac27 -> 
  custom:video-encoder-webm-vp8: eb34c28f22e8b96e1ab97ce403110664 -> 
  custom:video-decoder-webm-vp8: 9c59270c3fd7afecdb556c50c9e8de78 -> 
  custom:audio-decoder-ogg-vorbis: bf7c407c2cedff20999df2af8eb42d56 -> 
  custom:audio-encoder-webm-vorbis: bf7c407c2cedff20999df2af8eb42d56 -> 
========================================================================
Received Prepare
Registering precompiled user dll's ...
Registered in 0.002619 seconds.
Begin MonoManager ReloadAssembly
Native extension for WindowsStandalone target not found
Refreshing native plugins compatible for Editor in 0.78 ms, found 5 plugins.
Preloading 0 native plugins for Editor in 0.00 ms.
Mono: successfully reloaded assembly
- Completed reload, in  0.649 seconds
Domain Reload Profiling:
	ReloadAssembly (649ms)
		BeginReloadAssembly (84ms)
			ExecutionOrderSort (0ms)
			DisableScriptedObjects (3ms)
			BackupInstance (0ms)
			ReleaseScriptingObjects (0ms)
			CreateAndSetChildDomain (25ms)
		EndReloadAssembly (521ms)
			LoadAssemblies (71ms)
			RebuildTransferFunctionScriptingTraits (0ms)
			SetupTypeCache (176ms)
			ReleaseScriptCaches (1ms)
			RebuildScriptCaches (26ms)
			SetupLoadedEditorAssemblies (195ms)
				LogAssemblyErrors (0ms)
				InitializePlatformSupportModulesInManaged (3ms)
				SetLoadedEditorAssemblies (1ms)
				RefreshPlugins (1ms)
				BeforeProcessingInitializeOnLoad (38ms)
				ProcessInitializeOnLoadAttributes (141ms)
				ProcessInitializeOnLoadMethodAttributes (6ms)
				AfterProcessingInitializeOnLoad (5ms)
				EditorAssembliesLoaded (0ms)
			ExecutionOrderSort2 (0ms)
			AwakeInstancesAfterBackupRestoration (5ms)
Platform modules already initialized, skipping
Refreshing native plugins compatible for Editor in 1.58 ms, found 5 plugins.
Preloading 0 native plugins for Editor in 0.00 ms.
Unloading 1746 Unused Serialized files (Serialized files now loaded: 0)
System memory in use before: 190.0 MB.
System memory in use after: 190.1 MB.

Unloading 18 unused Assets to reduce memory usage. Loaded Objects now: 2302.
Total: 2.431800 ms (FindLiveObjects: 0.179600 ms CreateObjectMapping: 0.037700 ms MarkObjects: 2.193400 ms  DeleteObjects: 0.020500 ms)

AssetImportParameters requested are different than current active one (requested -> active):
  custom:framework-win-MediaFoundation: 216162199b28c13a410421893ffa2e32 -> 
  custom:video-decoder-ogg-theora: a1e56fd34408186e4bbccfd4996cb3dc -> 
  custom:container-muxer-webm: aa71ff27fc2769a1b78a27578f13a17b -> 
  custom:container-demuxer-webm: 4f35f7cbe854078d1ac9338744f61a02 -> 
  custom:container-demuxer-ogg: 62fdf1f143b41e24485cea50d1cbac27 -> 
  custom:video-encoder-webm-vp8: eb34c28f22e8b96e1ab97ce403110664 -> 
  custom:video-decoder-webm-vp8: 9c59270c3fd7afecdb556c50c9e8de78 -> 
  custom:audio-decoder-ogg-vorbis: bf7c407c2cedff20999df2af8eb42d56 -> 
  custom:audio-encoder-webm-vorbis: bf7c407c2cedff20999df2af8eb42d56 -> 
========================================================================
Received Prepare
Registering precompiled user dll's ...
Registered in 0.002715 seconds.
Begin MonoManager ReloadAssembly
Native extension for WindowsStandalone target not found
Refreshing native plugins compatible for Editor in 0.55 ms, found 5 plugins.
Preloading 0 native plugins for Editor in 0.00 ms.
Mono: successfully reloaded assembly
- Completed reload, in  0.681 seconds
Domain Reload Profiling:
	ReloadAssembly (682ms)
		BeginReloadAssembly (88ms)
			ExecutionOrderSort (0ms)
			DisableScriptedObjects (3ms)
			BackupInstance (0ms)
			ReleaseScriptingObjects (0ms)
			CreateAndSetChildDomain (25ms)
		EndReloadAssembly (551ms)
			LoadAssemblies (72ms)
			RebuildTransferFunctionScriptingTraits (0ms)
			SetupTypeCache (196ms)
			ReleaseScriptCaches (1ms)
			RebuildScriptCaches (29ms)
			SetupLoadedEditorAssemblies (203ms)
				LogAssemblyErrors (0ms)
				InitializePlatformSupportModulesInManaged (3ms)
				SetLoadedEditorAssemblies (0ms)
				RefreshPlugins (1ms)
				BeforeProcessingInitializeOnLoad (40ms)
				ProcessInitializeOnLoadAttributes (147ms)
				ProcessInitializeOnLoadMethodAttributes (6ms)
				AfterProcessingInitializeOnLoad (5ms)
				EditorAssembliesLoaded (0ms)
			ExecutionOrderSort2 (0ms)
			AwakeInstancesAfterBackupRestoration (5ms)
Platform modules already initialized, skipping
Refreshing native plugins compatible for Editor in 0.56 ms, found 5 plugins.
Preloading 0 native plugins for Editor in 0.00 ms.
Unloading 1746 Unused Serialized files (Serialized files now loaded: 0)
System memory in use before: 190.0 MB.
System memory in use after: 190.1 MB.

Unloading 18 unused Assets to reduce memory usage. Loaded Objects now: 2305.
Total: 2.411200 ms (FindLiveObjects: 0.152700 ms CreateObjectMapping: 0.048200 ms MarkObjects: 2.189000 ms  DeleteObjects: 0.020700 ms)

AssetImportParameters requested are different than current active one (requested -> active):
  custom:framework-win-MediaFoundation: 216162199b28c13a410421893ffa2e32 -> 
  custom:video-decoder-ogg-theora: a1e56fd34408186e4bbccfd4996cb3dc -> 
  custom:container-muxer-webm: aa71ff27fc2769a1b78a27578f13a17b -> 
  custom:container-demuxer-webm: 4f35f7cbe854078d1ac9338744f61a02 -> 
  custom:container-demuxer-ogg: 62fdf1f143b41e24485cea50d1cbac27 -> 
  custom:video-encoder-webm-vp8: eb34c28f22e8b96e1ab97ce403110664 -> 
  custom:video-decoder-webm-vp8: 9c59270c3fd7afecdb556c50c9e8de78 -> 
  custom:audio-decoder-ogg-vorbis: bf7c407c2cedff20999df2af8eb42d56 -> 
  custom:audio-encoder-webm-vorbis: bf7c407c2cedff20999df2af8eb42d56 -> 
========================================================================
Received Import Request.
  Time since last request: 2082.191303 seconds.
  path: Assets/SampleParticles/Smoke & Steam Effects/Materials/Smoke02.mat
  artifactKey: Guid(43d3e21dd15c3b847957abee25d004d9) Importer(815301076,1909f56bfc062723c751e8b465ee728b)
Start importing Assets/SampleParticles/Smoke & Steam Effects/Materials/Smoke02.mat using Guid(43d3e21dd15c3b847957abee25d004d9) Importer(815301076,1909f56bfc062723c751e8b465ee728b)  -> (artifact id: '94bc3f749755122a0f68a4cd7d2cb96b') in 0.142931 seconds 
========================================================================
Received Import Request.
  Time since last request: 0.000119 seconds.
  path: Assets/SampleParticles/Smoke & Steam Effects/Materials/SmokeLight.mat
  artifactKey: Guid(f06455b167e1b0b428c9af62d7aa6832) Importer(815301076,1909f56bfc062723c751e8b465ee728b)
Start importing Assets/SampleParticles/Smoke & Steam Effects/Materials/SmokeLight.mat using Guid(f06455b167e1b0b428c9af62d7aa6832) Importer(815301076,1909f56bfc062723c751e8b465ee728b)  -> (artifact id: '37924b880a547cb02348763e13d107f8') in 1.563537 seconds 
========================================================================
Received Prepare
Registering precompiled user dll's ...
Registered in 0.002507 seconds.
Begin MonoManager ReloadAssembly
Native extension for WindowsStandalone target not found
Refreshing native plugins compatible for Editor in 0.55 ms, found 5 plugins.
Preloading 0 native plugins for Editor in 0.00 ms.
Mono: successfully reloaded assembly
- Completed reload, in  0.665 seconds
Domain Reload Profiling:
	ReloadAssembly (665ms)
		BeginReloadAssembly (87ms)
			ExecutionOrderSort (0ms)
			DisableScriptedObjects (3ms)
			BackupInstance (0ms)
			ReleaseScriptingObjects (0ms)
			CreateAndSetChildDomain (27ms)
		EndReloadAssembly (534ms)
			LoadAssemblies (70ms)
			RebuildTransferFunctionScriptingTraits (0ms)
			SetupTypeCache (189ms)
			ReleaseScriptCaches (1ms)
			RebuildScriptCaches (25ms)
			SetupLoadedEditorAssemblies (194ms)
				LogAssemblyErrors (0ms)
				InitializePlatformSupportModulesInManaged (3ms)
				SetLoadedEditorAssemblies (0ms)
				RefreshPlugins (1ms)
				BeforeProcessingInitializeOnLoad (38ms)
				ProcessInitializeOnLoadAttributes (141ms)
				ProcessInitializeOnLoadMethodAttributes (6ms)
				AfterProcessingInitializeOnLoad (5ms)
				EditorAssembliesLoaded (0ms)
			ExecutionOrderSort2 (0ms)
			AwakeInstancesAfterBackupRestoration (5ms)
Platform modules already initialized, skipping
Refreshing native plugins compatible for Editor in 0.75 ms, found 5 plugins.
Preloading 0 native plugins for Editor in 0.00 ms.
Unloading 1746 Unused Serialized files (Serialized files now loaded: 0)
System memory in use before: 190.0 MB.
System memory in use after: 190.1 MB.

Unloading 18 unused Assets to reduce memory usage. Loaded Objects now: 2309.
Total: 2.577100 ms (FindLiveObjects: 0.172100 ms CreateObjectMapping: 0.062500 ms MarkObjects: 2.321300 ms  DeleteObjects: 0.020400 ms)

AssetImportParameters requested are different than current active one (requested -> active):
  custom:framework-win-MediaFoundation: 216162199b28c13a410421893ffa2e32 -> 
  custom:video-decoder-ogg-theora: a1e56fd34408186e4bbccfd4996cb3dc -> 
  custom:container-muxer-webm: aa71ff27fc2769a1b78a27578f13a17b -> 
  custom:container-demuxer-webm: 4f35f7cbe854078d1ac9338744f61a02 -> 
  custom:container-demuxer-ogg: 62fdf1f143b41e24485cea50d1cbac27 -> 
  custom:video-encoder-webm-vp8: eb34c28f22e8b96e1ab97ce403110664 -> 
  custom:video-decoder-webm-vp8: 9c59270c3fd7afecdb556c50c9e8de78 -> 
  custom:audio-decoder-ogg-vorbis: bf7c407c2cedff20999df2af8eb42d56 -> 
  custom:audio-encoder-webm-vorbis: bf7c407c2cedff20999df2af8eb42d56 -> 
========================================================================
Received Prepare
Registering precompiled user dll's ...
Registered in 0.002479 seconds.
Begin MonoManager ReloadAssembly
Native extension for WindowsStandalone target not found
Refreshing native plugins compatible for Editor in 0.59 ms, found 5 plugins.
Preloading 0 native plugins for Editor in 0.00 ms.
Mono: successfully reloaded assembly
- Completed reload, in  0.646 seconds
Domain Reload Profiling:
	ReloadAssembly (646ms)
		BeginReloadAssembly (85ms)
			ExecutionOrderSort (0ms)
			DisableScriptedObjects (3ms)
			BackupInstance (0ms)
			ReleaseScriptingObjects (0ms)
			CreateAndSetChildDomain (24ms)
		EndReloadAssembly (519ms)
			LoadAssemblies (69ms)
			RebuildTransferFunctionScriptingTraits (0ms)
			SetupTypeCache (169ms)
			ReleaseScriptCaches (1ms)
			RebuildScriptCaches (31ms)
			SetupLoadedEditorAssemblies (195ms)
				LogAssemblyErrors (0ms)
				InitializePlatformSupportModulesInManaged (4ms)
				SetLoadedEditorAssemblies (0ms)
				RefreshPlugins (1ms)
				BeforeProcessingInitializeOnLoad (38ms)
				ProcessInitializeOnLoadAttributes (141ms)
				ProcessInitializeOnLoadMethodAttributes (6ms)
				AfterProcessingInitializeOnLoad (5ms)
				EditorAssembliesLoaded (0ms)
			ExecutionOrderSort2 (0ms)
			AwakeInstancesAfterBackupRestoration (5ms)
Platform modules already initialized, skipping
Refreshing native plugins compatible for Editor in 0.68 ms, found 5 plugins.
Preloading 0 native plugins for Editor in 0.00 ms.
Unloading 1746 Unused Serialized files (Serialized files now loaded: 0)
System memory in use before: 190.0 MB.
System memory in use after: 190.1 MB.

Unloading 18 unused Assets to reduce memory usage. Loaded Objects now: 2312.
Total: 2.311100 ms (FindLiveObjects: 0.158800 ms CreateObjectMapping: 0.050800 ms MarkObjects: 2.082600 ms  DeleteObjects: 0.018400 ms)

AssetImportParameters requested are different than current active one (requested -> active):
  custom:framework-win-MediaFoundation: 216162199b28c13a410421893ffa2e32 -> 
  custom:video-decoder-ogg-theora: a1e56fd34408186e4bbccfd4996cb3dc -> 
  custom:container-muxer-webm: aa71ff27fc2769a1b78a27578f13a17b -> 
  custom:container-demuxer-webm: 4f35f7cbe854078d1ac9338744f61a02 -> 
  custom:container-demuxer-ogg: 62fdf1f143b41e24485cea50d1cbac27 -> 
  custom:video-encoder-webm-vp8: eb34c28f22e8b96e1ab97ce403110664 -> 
  custom:video-decoder-webm-vp8: 9c59270c3fd7afecdb556c50c9e8de78 -> 
  custom:audio-decoder-ogg-vorbis: bf7c407c2cedff20999df2af8eb42d56 -> 
  custom:audio-encoder-webm-vorbis: bf7c407c2cedff20999df2af8eb42d56 -> 
========================================================================
Received Prepare
Registering precompiled user dll's ...
Registered in 0.002758 seconds.
Begin MonoManager ReloadAssembly
Native extension for WindowsStandalone target not found
Refreshing native plugins compatible for Editor in 0.92 ms, found 5 plugins.
Preloading 0 native plugins for Editor in 0.00 ms.
Mono: successfully reloaded assembly
- Completed reload, in  0.664 seconds
Domain Reload Profiling:
	ReloadAssembly (665ms)
		BeginReloadAssembly (87ms)
			ExecutionOrderSort (0ms)
			DisableScriptedObjects (3ms)
			BackupInstance (0ms)
			ReleaseScriptingObjects (0ms)
			CreateAndSetChildDomain (26ms)
		EndReloadAssembly (531ms)
			LoadAssemblies (71ms)
			RebuildTransferFunctionScriptingTraits (0ms)
			SetupTypeCache (176ms)
			ReleaseScriptCaches (2ms)
			RebuildScriptCaches (27ms)
			SetupLoadedEditorAssemblies (204ms)
				LogAssemblyErrors (0ms)
				InitializePlatformSupportModulesInManaged (4ms)
				SetLoadedEditorAssemblies (0ms)
				RefreshPlugins (1ms)
				BeforeProcessingInitializeOnLoad (42ms)
				ProcessInitializeOnLoadAttributes (144ms)
				ProcessInitializeOnLoadMethodAttributes (6ms)
				AfterProcessingInitializeOnLoad (6ms)
				EditorAssembliesLoaded (0ms)
			ExecutionOrderSort2 (0ms)
			AwakeInstancesAfterBackupRestoration (5ms)
Platform modules already initialized, skipping
Refreshing native plugins compatible for Editor in 0.56 ms, found 5 plugins.
Preloading 0 native plugins for Editor in 0.00 ms.
Unloading 1746 Unused Serialized files (Serialized files now loaded: 0)
System memory in use before: 190.0 MB.
System memory in use after: 190.1 MB.

Unloading 18 unused Assets to reduce memory usage. Loaded Objects now: 2315.
Total: 3.080200 ms (FindLiveObjects: 0.305500 ms CreateObjectMapping: 0.126800 ms MarkObjects: 2.626200 ms  DeleteObjects: 0.020900 ms)

AssetImportParameters requested are different than current active one (requested -> active):
  custom:framework-win-MediaFoundation: 216162199b28c13a410421893ffa2e32 -> 
  custom:video-decoder-ogg-theora: a1e56fd34408186e4bbccfd4996cb3dc -> 
  custom:container-muxer-webm: aa71ff27fc2769a1b78a27578f13a17b -> 
  custom:container-demuxer-webm: 4f35f7cbe854078d1ac9338744f61a02 -> 
  custom:container-demuxer-ogg: 62fdf1f143b41e24485cea50d1cbac27 -> 
  custom:video-encoder-webm-vp8: eb34c28f22e8b96e1ab97ce403110664 -> 
  custom:video-decoder-webm-vp8: 9c59270c3fd7afecdb556c50c9e8de78 -> 
  custom:audio-decoder-ogg-vorbis: bf7c407c2cedff20999df2af8eb42d56 -> 
  custom:audio-encoder-webm-vorbis: bf7c407c2cedff20999df2af8eb42d56 -> 
========================================================================
Received Prepare
Registering precompiled user dll's ...
Registered in 0.002508 seconds.
Begin MonoManager ReloadAssembly
Native extension for WindowsStandalone target not found
Refreshing native plugins compatible for Editor in 0.55 ms, found 5 plugins.
Preloading 0 native plugins for Editor in 0.00 ms.
Mono: successfully reloaded assembly
- Completed reload, in  0.619 seconds
Domain Reload Profiling:
	ReloadAssembly (619ms)
		BeginReloadAssembly (85ms)
			ExecutionOrderSort (0ms)
			DisableScriptedObjects (3ms)
			BackupInstance (0ms)
			ReleaseScriptingObjects (0ms)
			CreateAndSetChildDomain (25ms)
		EndReloadAssembly (493ms)
			LoadAssemblies (68ms)
			RebuildTransferFunctionScriptingTraits (0ms)
			SetupTypeCache (159ms)
			ReleaseScriptCaches (1ms)
			RebuildScriptCaches (30ms)
			SetupLoadedEditorAssemblies (187ms)
				LogAssemblyErrors (0ms)
				InitializePlatformSupportModulesInManaged (3ms)
				SetLoadedEditorAssemblies (0ms)
				RefreshPlugins (1ms)
				BeforeProcessingInitializeOnLoad (37ms)
				ProcessInitializeOnLoadAttributes (134ms)
				ProcessInitializeOnLoadMethodAttributes (6ms)
				AfterProcessingInitializeOnLoad (5ms)
				EditorAssembliesLoaded (0ms)
			ExecutionOrderSort2 (0ms)
			AwakeInstancesAfterBackupRestoration (5ms)
Platform modules already initialized, skipping
Refreshing native plugins compatible for Editor in 0.55 ms, found 5 plugins.
Preloading 0 native plugins for Editor in 0.00 ms.
Unloading 1746 Unused Serialized files (Serialized files now loaded: 0)
System memory in use before: 190.0 MB.
System memory in use after: 190.1 MB.

Unloading 18 unused Assets to reduce memory usage. Loaded Objects now: 2318.
Total: 2.394400 ms (FindLiveObjects: 0.173400 ms CreateObjectMapping: 0.043200 ms MarkObjects: 2.156500 ms  DeleteObjects: 0.020500 ms)

AssetImportParameters requested are different than current active one (requested -> active):
  custom:framework-win-MediaFoundation: 216162199b28c13a410421893ffa2e32 -> 
  custom:video-decoder-ogg-theora: a1e56fd34408186e4bbccfd4996cb3dc -> 
  custom:container-muxer-webm: aa71ff27fc2769a1b78a27578f13a17b -> 
  custom:container-demuxer-webm: 4f35f7cbe854078d1ac9338744f61a02 -> 
  custom:container-demuxer-ogg: 62fdf1f143b41e24485cea50d1cbac27 -> 
  custom:video-encoder-webm-vp8: eb34c28f22e8b96e1ab97ce403110664 -> 
  custom:video-decoder-webm-vp8: 9c59270c3fd7afecdb556c50c9e8de78 -> 
  custom:audio-decoder-ogg-vorbis: bf7c407c2cedff20999df2af8eb42d56 -> 
  custom:audio-encoder-webm-vorbis: bf7c407c2cedff20999df2af8eb42d56 -> 
========================================================================
Received Prepare
Registering precompiled user dll's ...
Registered in 0.002472 seconds.
Begin MonoManager ReloadAssembly
Native extension for WindowsStandalone target not found
Refreshing native plugins compatible for Editor in 0.54 ms, found 5 plugins.
Preloading 0 native plugins for Editor in 0.00 ms.
Mono: successfully reloaded assembly
- Completed reload, in  0.606 seconds
Domain Reload Profiling:
	ReloadAssembly (607ms)
		BeginReloadAssembly (80ms)
			ExecutionOrderSort (0ms)
			DisableScriptedObjects (3ms)
			BackupInstance (0ms)
			ReleaseScriptingObjects (0ms)
			CreateAndSetChildDomain (23ms)
		EndReloadAssembly (486ms)
			LoadAssemblies (66ms)
			RebuildTransferFunctionScriptingTraits (0ms)
			SetupTypeCache (157ms)
			ReleaseScriptCaches (1ms)
			RebuildScriptCaches (25ms)
			SetupLoadedEditorAssemblies (183ms)
				LogAssemblyErrors (0ms)
				InitializePlatformSupportModulesInManaged (3ms)
				SetLoadedEditorAssemblies (0ms)
				RefreshPlugins (1ms)
				BeforeProcessingInitializeOnLoad (38ms)
				ProcessInitializeOnLoadAttributes (130ms)
				ProcessInitializeOnLoadMethodAttributes (6ms)
				AfterProcessingInitializeOnLoad (5ms)
				EditorAssembliesLoaded (0ms)
			ExecutionOrderSort2 (0ms)
			AwakeInstancesAfterBackupRestoration (4ms)
Platform modules already initialized, skipping
Refreshing native plugins compatible for Editor in 0.62 ms, found 5 plugins.
Preloading 0 native plugins for Editor in 0.00 ms.
Unloading 1746 Unused Serialized files (Serialized files now loaded: 0)
System memory in use before: 190.0 MB.
System memory in use after: 190.1 MB.

Unloading 18 unused Assets to reduce memory usage. Loaded Objects now: 2321.
Total: 2.352300 ms (FindLiveObjects: 0.159400 ms CreateObjectMapping: 0.054100 ms MarkObjects: 2.119800 ms  DeleteObjects: 0.018300 ms)

AssetImportParameters requested are different than current active one (requested -> active):
  custom:framework-win-MediaFoundation: 216162199b28c13a410421893ffa2e32 -> 
  custom:video-decoder-ogg-theora: a1e56fd34408186e4bbccfd4996cb3dc -> 
  custom:container-muxer-webm: aa71ff27fc2769a1b78a27578f13a17b -> 
  custom:container-demuxer-webm: 4f35f7cbe854078d1ac9338744f61a02 -> 
  custom:container-demuxer-ogg: 62fdf1f143b41e24485cea50d1cbac27 -> 
  custom:video-encoder-webm-vp8: eb34c28f22e8b96e1ab97ce403110664 -> 
  custom:video-decoder-webm-vp8: 9c59270c3fd7afecdb556c50c9e8de78 -> 
  custom:audio-decoder-ogg-vorbis: bf7c407c2cedff20999df2af8eb42d56 -> 
  custom:audio-encoder-webm-vorbis: bf7c407c2cedff20999df2af8eb42d56 -> 
AssetImportWorkerClient::OnTransportError - code=2 error=End of file
